\BOOKMARK [0][-]{chapter*.3}{\376\377\000C\000o\000n\000t\000e\000n\000t\000s}{}% 1
\BOOKMARK [0][-]{chapter*.4}{\376\377\000I\000n\000t\000r\000o\000d\000u\000c\000t\000i\000o\000n}{}% 2
\BOOKMARK [1][-]{section*.5}{\376\377\000S\000c\000e\000n\000a\000r\000i\000o\000\040\000a\000n\000d\000\040\000M\000o\000t\000i\000v\000a\000t\000i\000o\000n\000s}{chapter*.4}% 3
\BOOKMARK [1][-]{section*.6}{\376\377\000O\000b\000j\000e\000c\000t\000i\000v\000e\000s\000\040\000a\000n\000d\000\040\000M\000e\000t\000h\000o\000d\000o\000l\000o\000g\000y\000\040\000o\000f\000\040\000A\000n\000a\000l\000y\000s\000i\000s}{chapter*.4}% 4
\BOOKMARK [0][-]{chapter.1}{\376\377\000P\000h\000a\000s\000e\000\040\0001\000:\000\040\000P\000h\000y\000s\000i\000c\000a\000l\000\040\000A\000c\000c\000e\000s\000s\000,\000\040\000F\000i\000r\000m\000w\000a\000r\000e\000\040\000E\000x\000t\000r\000a\000c\000t\000i\000o\000n\000\040\000\046\000\040\000A\000n\000a\000l\000y\000s\000i\000s}{}% 5
\BOOKMARK [1][-]{section.1.1}{\376\377\000F\000e\000a\000t\000u\000r\000e\000s\000\040\000a\000n\000d\000\040\000F\000u\000n\000c\000t\000i\000o\000n\000a\000l\000i\000t\000y\000\040\000o\000f\000\040\000t\000h\000e\000\040\000D\000e\000v\000i\000c\000e}{chapter.1}% 6
\BOOKMARK [1][-]{section.1.2}{\376\377\000P\000C\000B\000\040\000A\000n\000a\000l\000y\000s\000i\000s\000\040\000a\000n\000d\000\040\000C\000o\000m\000p\000o\000n\000e\000n\000t\000s}{chapter.1}% 7
\BOOKMARK [1][-]{section.1.3}{\376\377\000F\000i\000r\000m\000w\000a\000r\000e\000\040\000A\000n\000a\000l\000y\000s\000i\000s\000\040\000a\000n\000d\000\040\000D\000u\000m\000p\000i\000n\000g}{chapter.1}% 8
\BOOKMARK [2][-]{subsection.1.3.1}{\376\377\000I\000d\000e\000n\000t\000i\000f\000i\000c\000a\000t\000i\000o\000n\000\040\000o\000f\000\040\000t\000h\000e\000\040\000U\000A\000R\000T\000\040\000I\000n\000t\000e\000r\000f\000a\000c\000e}{section.1.3}% 9
\BOOKMARK [2][-]{subsection.1.3.2}{\376\377\000F\000i\000r\000m\000w\000a\000r\000e\000\040\000E\000x\000t\000r\000a\000c\000t\000i\000o\000n\000\040\000\050\000D\000u\000m\000p\000i\000n\000g\000\051}{section.1.3}% 10
\BOOKMARK [2][-]{subsection.1.3.3}{\376\377\000S\000t\000a\000t\000i\000c\000\040\000A\000n\000a\000l\000y\000s\000i\000s\000\040\000o\000f\000\040\000t\000h\000e\000\040\000F\000i\000r\000m\000w\000a\000r\000e}{section.1.3}% 11
\BOOKMARK [2][-]{subsection.1.3.4}{\376\377\000A\000n\000a\000l\000y\000s\000i\000s\000\040\000o\000f\000\040\000t\000h\000e\000\040\000O\000T\000A\000\040\000U\000p\000d\000a\000t\000e\000\040\000M\000e\000c\000h\000a\000n\000i\000s\000m}{section.1.3}% 12
\BOOKMARK [1][-]{section.1.4}{\376\377\000M\000Q\000T\000T\000:\000\040\000I\000n\000s\000e\000c\000u\000r\000e\000\040\000P\000r\000o\000t\000o\000c\000o\000l\000\040\000D\000e\000m\000o\000n\000s\000t\000r\000a\000t\000i\000o\000n}{chapter.1}% 13
\BOOKMARK [1][-]{section.1.5}{\376\377\000T\000h\000r\000e\000a\000t\000\040\000M\000o\000d\000e\000l\000i\000n\000g}{chapter.1}% 14
\BOOKMARK [0][-]{chapter.2}{\376\377\000P\000h\000a\000s\000e\000\040\0002\000:\000\040\000I\000m\000p\000l\000e\000m\000e\000n\000t\000a\000t\000i\000o\000n\000\040\000\046\000\040\000I\000n\000j\000e\000c\000t\000i\000o\000n\000\040\000o\000f\000\040\000M\000a\000l\000i\000c\000i\000o\000u\000s\000\040\000F\000i\000r\000m\000w\000a\000r\000e}{}% 15
\BOOKMARK [1][-]{section.2.1}{\376\377\000D\000e\000v\000e\000l\000o\000p\000m\000e\000n\000t\000\040\000o\000f\000\040\000t\000h\000e\000\040\000M\000a\000l\000i\000c\000i\000o\000u\000s\000\040\000F\000i\000r\000m\000w\000a\000r\000e}{chapter.2}% 16
\BOOKMARK [2][-]{subsection.2.1.1}{\376\377\000D\000a\000t\000a\000\040\000C\000o\000l\000l\000e\000c\000t\000i\000o\000n}{section.2.1}% 17
\BOOKMARK [2][-]{subsection.2.1.2}{\376\377\000B\000e\000h\000a\000v\000i\000o\000r\000a\000l\000\040\000M\000e\000c\000h\000a\000n\000i\000s\000m\000s\000\040\000o\000f\000\040\000t\000h\000e\000\040\000C\000u\000s\000t\000o\000m\000\040\000F\000i\000r\000m\000w\000a\000r\000e}{section.2.1}% 18
\BOOKMARK [3][-]{section*.26}{\376\377\000U\000D\000P\000\040\000C\000o\000v\000e\000r\000t\000\040\000E\000x\000f\000i\000l\000t\000r\000a\000t\000i\000o\000n\000\040\000C\000h\000a\000n\000n\000e\000l}{subsection.2.1.2}% 19
\BOOKMARK [3][-]{section*.28}{\376\377\000C\0002\000\040\000S\000e\000r\000v\000e\000r\000\040\000I\000n\000f\000r\000a\000s\000t\000r\000u\000c\000t\000u\000r\000e}{subsection.2.1.2}% 20
\BOOKMARK [3][-]{section*.32}{\376\377\000M\000Q\000T\000T\000\040\000O\000p\000e\000r\000a\000t\000i\000o\000n}{subsection.2.1.2}% 21
\BOOKMARK [3][-]{section*.35}{\376\377\000W\000e\000b\000\040\000I\000n\000t\000e\000r\000f\000a\000c\000e\000\040\000a\000n\000d\000\040\000D\000e\000c\000e\000p\000t\000i\000o\000n}{subsection.2.1.2}% 22
\BOOKMARK [1][-]{section.2.2}{\376\377\000M\000a\000n\000-\000i\000n\000-\000t\000h\000e\000-\000M\000i\000d\000d\000l\000e\000\040\000\050\000M\000I\000T\000M\000\051\000\040\000A\000t\000t\000a\000c\000k}{chapter.2}% 23
\BOOKMARK [2][-]{subsection.2.2.1}{\376\377\000H\000o\000w\000\040\000O\000T\000A\000\040\000U\000p\000d\000a\000t\000e\000\040\000W\000o\000r\000k\000s\000\040\000o\000n\000\040\000S\000h\000e\000l\000l\000y\000\040\000P\000l\000u\000s\000\040\000S\000\040\000G\000e\000n\000\040\0001}{section.2.2}% 24
\BOOKMARK [2][-]{subsection.2.2.2}{\376\377\000V\000a\000r\000i\000a\000n\000t\000\040\000A\000:\000\040\000C\000l\000a\000s\000s\000i\000c\000\040\000M\000I\000T\000M\000\040\040\024\000\040\000A\000R\000P\000\040\000P\000o\000i\000s\000o\000n\000i\000n\000g\000\040\000\046\000\040\000D\000N\000S\000\040\000S\000p\000o\000o\000f\000i\000n\000g}{section.2.2}% 25
\BOOKMARK [3][-]{section*.40}{\376\377\000A\000t\000t\000a\000c\000k\000\040\000I\000n\000f\000r\000a\000s\000t\000r\000u\000c\000t\000u\000r\000e}{subsection.2.2.2}% 26
\BOOKMARK [3][-]{section*.42}{\376\377\000A\000t\000t\000a\000c\000k\000\040\000E\000x\000e\000c\000u\000t\000i\000o\000n\000\040\000a\000n\000d\000\040\000R\000e\000s\000u\000l\000t\000s}{subsection.2.2.2}% 27
\BOOKMARK [2][-]{subsection.2.2.3}{\376\377\000V\000a\000r\000i\000a\000n\000t\000\040\000B\000:\000\040\000D\000i\000r\000e\000c\000t\000\040\000O\000T\000A\000\040\000E\000n\000d\000p\000o\000i\000n\000t\000\040\000E\000x\000p\000l\000o\000i\000t\000a\000t\000i\000o\000n}{section.2.2}% 28
\BOOKMARK [3][-]{section*.45}{\376\377\000A\000t\000t\000a\000c\000k\000\040\000E\000x\000e\000c\000u\000t\000i\000o\000n}{subsection.2.2.3}% 29
\BOOKMARK [2][-]{subsection.2.2.4}{\376\377\000P\000o\000s\000t\000-\000I\000n\000j\000e\000c\000t\000i\000o\000n\000\040\000R\000e\000s\000u\000l\000t\000s}{section.2.2}% 30
\BOOKMARK [1][-]{section.2.3}{\376\377\000P\000a\000t\000t\000e\000r\000n\000\040\000R\000e\000c\000o\000g\000n\000i\000t\000i\000o\000n\000\040\000\046\000\040\000U\000s\000e\000r\000\040\000B\000e\000h\000a\000v\000i\000o\000r\000\040\000A\000n\000a\000l\000y\000t\000i\000c\000s}{chapter.2}% 31
\BOOKMARK [2][-]{subsection.2.3.1}{\376\377\000T\000e\000l\000e\000m\000e\000t\000r\000y\000\040\000D\000a\000t\000a\000s\000e\000t}{section.2.3}% 32
\BOOKMARK [2][-]{subsection.2.3.2}{\376\377\000B\000e\000h\000a\000v\000i\000o\000r\000\040\000P\000r\000o\000f\000i\000l\000i\000n\000g\000\040\000a\000n\000d\000\040\000O\000c\000c\000u\000p\000a\000n\000c\000y\000\040\000I\000n\000f\000e\000r\000e\000n\000c\000e\000\040\000E\000n\000g\000i\000n\000e}{section.2.3}% 33
\BOOKMARK [2][-]{subsection.2.3.3}{\376\377\000C\0002\000\040\000W\000e\000b\000\040\000D\000a\000s\000h\000b\000o\000a\000r\000d\000\040\000a\000n\000d\000\040\000H\000a\000b\000i\000t\000s\000\040\000V\000i\000s\000u\000a\000l\000i\000z\000a\000t\000i\000o\000n}{section.2.3}% 34
\BOOKMARK [0][-]{chapter.3}{\376\377\000P\000h\000a\000s\000e\000\040\0003\000:\000\040\000H\000a\000r\000d\000e\000n\000i\000n\000g\000\040\000\046\000\040\000M\000i\000t\000i\000g\000a\000t\000i\000o\000n}{}% 35
\BOOKMARK [1][-]{section.3.1}{\376\377\000E\000n\000s\000u\000r\000i\000n\000g\000\040\000I\000n\000t\000e\000g\000r\000i\000t\000y\000:\000\040\000S\000e\000c\000u\000r\000e\000\040\000U\000p\000d\000a\000t\000e\000\040\000I\000m\000p\000l\000e\000m\000e\000n\000t\000a\000t\000i\000o\000n}{chapter.3}% 36
\BOOKMARK [2][-]{subsection.3.1.1}{\376\377\000F\000i\000r\000m\000w\000a\000r\000e\000\040\000S\000i\000g\000n\000i\000n\000g}{section.3.1}% 37
\BOOKMARK [3][-]{section*.55}{\376\377\000K\000e\000y\000\040\000P\000a\000i\000r\000\040\000G\000e\000n\000e\000r\000a\000t\000i\000o\000n}{subsection.3.1.1}% 38
\BOOKMARK [3][-]{section*.57}{\376\377\000S\000i\000g\000n\000i\000n\000g\000\040\000P\000r\000o\000c\000e\000s\000s}{subsection.3.1.1}% 39
\BOOKMARK [2][-]{subsection.3.1.2}{\376\377\000S\000i\000g\000n\000i\000n\000g\000\040\000V\000e\000r\000i\000f\000i\000c\000a\000t\000i\000o\000n}{section.3.1}% 40
\BOOKMARK [3][-]{section*.59}{\376\377\000P\000u\000b\000l\000i\000c\000\040\000K\000e\000y\000\040\000E\000m\000b\000e\000d\000d\000i\000n\000g}{subsection.3.1.2}% 41
\BOOKMARK [3][-]{section*.61}{\376\377\000V\000e\000r\000i\000f\000i\000c\000a\000t\000i\000o\000n\000\040\000H\000a\000n\000d\000l\000e\000r}{subsection.3.1.2}% 42
\BOOKMARK [3][-]{section*.63}{\376\377\000D\000e\000m\000o\000n\000s\000t\000r\000a\000t\000i\000o\000n\000:\000\040\000S\000u\000c\000c\000e\000s\000s\000f\000u\000l\000\040\000S\000i\000g\000n\000e\000d\000\040\000U\000p\000d\000a\000t\000e}{subsection.3.1.2}% 43
\BOOKMARK [3][-]{section*.68}{\376\377\000D\000e\000m\000o\000n\000s\000t\000r\000a\000t\000i\000o\000n\000:\000\040\000R\000e\000j\000e\000c\000t\000e\000d\000\040\000U\000n\000s\000i\000g\000n\000e\000d\000\040\000F\000i\000r\000m\000w\000a\000r\000e}{subsection.3.1.2}% 44
\BOOKMARK [1][-]{section.3.2}{\376\377\000E\000n\000s\000u\000r\000i\000n\000g\000\040\000C\000o\000n\000f\000i\000d\000e\000n\000t\000i\000a\000l\000i\000t\000y\000\040\000a\000n\000d\000\040\000A\000u\000t\000h\000e\000n\000t\000i\000c\000i\000t\000y}{chapter.3}% 45
\BOOKMARK [2][-]{subsection.3.2.1}{\376\377\000S\000e\000c\000u\000r\000e\000\040\000M\000Q\000T\000T\000\040\000\050\000M\000Q\000T\000T\000S\000\051}{section.3.2}% 46
\BOOKMARK [3][-]{section*.72}{\376\377\000N\000T\000P\000\040\000S\000y\000n\000c\000h\000r\000o\000n\000i\000z\000a\000t\000i\000o\000n}{subsection.3.2.1}% 47
\BOOKMARK [3][-]{section*.73}{\376\377\000T\000L\000S\000\040\000C\000o\000n\000f\000i\000g\000u\000r\000a\000t\000i\000o\000n}{subsection.3.2.1}% 48
\BOOKMARK [3][-]{section*.75}{\376\377\000M\000i\000t\000i\000g\000a\000t\000i\000o\000n\000\040\000E\000f\000f\000e\000c\000t\000i\000v\000e\000n\000e\000s\000s}{subsection.3.2.1}% 49
\BOOKMARK [2][-]{subsection.3.2.2}{\376\377\000M\000u\000t\000u\000a\000l\000\040\000A\000u\000t\000h\000e\000n\000t\000i\000c\000a\000t\000i\000o\000n\000\040\000\050\000m\000T\000L\000S\000\051}{section.3.2}% 50
\BOOKMARK [3][-]{section*.76}{\376\377\000C\000e\000r\000t\000i\000f\000i\000c\000a\000t\000e\000\040\000H\000i\000e\000r\000a\000r\000c\000h\000y\000\040\000a\000n\000d\000\040\000G\000e\000n\000e\000r\000a\000t\000i\000o\000n}{subsection.3.2.2}% 51
\BOOKMARK [3][-]{section*.78}{\376\377\000M\000o\000s\000q\000u\000i\000t\000t\000o\000\040\000B\000r\000o\000k\000e\000r\000\040\000C\000o\000n\000f\000i\000g\000u\000r\000a\000t\000i\000o\000n}{subsection.3.2.2}% 52
\BOOKMARK [3][-]{section*.79}{\376\377\000S\000u\000b\000s\000c\000r\000i\000b\000i\000n\000g\000\040\000w\000i\000t\000h\000\040\000m\000T\000L\000S}{subsection.3.2.2}% 53
\BOOKMARK [3][-]{section*.82}{\376\377\000W\000i\000r\000e\000s\000h\000a\000r\000k\000\040\000V\000e\000r\000i\000f\000i\000c\000a\000t\000i\000o\000n\000:\000\040\000E\000n\000c\000r\000y\000p\000t\000e\000d\000\040\000T\000r\000a\000f\000f\000i\000c}{subsection.3.2.2}% 54
\BOOKMARK [0][-]{chapter*.86}{\376\377\000C\000o\000n\000c\000l\000u\000s\000i\000o\000n\000s}{}% 55
