This is pdfTeX, Version 3.141592653-2.6-1.40.25 (TeX Live 2023/Debian) (preloaded format=pdflatex 2026.6.20)  2 JUL 2026 00:24
entering extended mode
 restricted \write18 enabled.
 %&-line parsing enabled.
**main.tex -shell-escape
(./main.tex
LaTeX2e <2023-11-01> patch level 1
L3 programming layer <2024-01-22>
(/usr/share/texlive/texmf-dist/tex/latex/base/book.cls
Document Class: book 2023/05/17 v1.4n Standard LaTeX document class
(/usr/share/texlive/texmf-dist/tex/latex/base/bk12.clo
File: bk12.clo 2023/05/17 v1.4n Standard LaTeX file (size option)
)
\c@part=\count187
\c@chapter=\count188
\c@section=\count189
\c@subsection=\count190
\c@subsubsection=\count191
\c@paragraph=\count192
\c@subparagraph=\count193
\c@figure=\count194
\c@table=\count195
\abovecaptionskip=\skip48
\belowcaptionskip=\skip49
\bibindent=\dimen140
)
(/usr/share/texlive/texmf-dist/tex/latex/geometry/geometry.sty
Package: geometry 2020/01/02 v5.9 Page Geometry

(/usr/share/texlive/texmf-dist/tex/latex/graphics/keyval.sty
Package: keyval 2022/05/29 v1.15 key=value parser (DPC)
\KV@toks@=\toks17
)
(/usr/share/texlive/texmf-dist/tex/generic/iftex/ifvtex.sty
Package: ifvtex 2019/10/25 v1.7 ifvtex legacy package. Use iftex instead.

(/usr/share/texlive/texmf-dist/tex/generic/iftex/iftex.sty
Package: iftex 2022/02/03 v1.0f TeX engine tests
))
\Gm@cnth=\count196
\Gm@cntv=\count197
\c@Gm@tempcnt=\count198
\Gm@bindingoffset=\dimen141
\Gm@wd@mp=\dimen142
\Gm@odd@mp=\dimen143
\Gm@even@mp=\dimen144
\Gm@layoutwidth=\dimen145
\Gm@layoutheight=\dimen146
\Gm@layouthoffset=\dimen147
\Gm@layoutvoffset=\dimen148
\Gm@dimlist=\toks18
)
(/usr/share/texlive/texmf-dist/tex/latex/base/inputenc.sty
Package: inputenc 2021/02/14 v1.3d Input encoding file
\inpenc@prehook=\toks19
\inpenc@posthook=\toks20
)
(/usr/share/texlive/texmf-dist/tex/latex/pgf/frontendlayer/tikz.sty
(/usr/share/texlive/texmf-dist/tex/latex/pgf/basiclayer/pgf.sty
(/usr/share/texlive/texmf-dist/tex/latex/pgf/utilities/pgfrcs.sty
(/usr/share/texlive/texmf-dist/tex/generic/pgf/utilities/pgfutil-common.tex
\pgfutil@everybye=\toks21
\pgfutil@tempdima=\dimen149
\pgfutil@tempdimb=\dimen150
)
(/usr/share/texlive/texmf-dist/tex/generic/pgf/utilities/pgfutil-latex.def
\pgfutil@abb=\box51
)
(/usr/share/texlive/texmf-dist/tex/generic/pgf/utilities/pgfrcs.code.tex
(/usr/share/texlive/texmf-dist/tex/generic/pgf/pgf.revision.tex)
Package: pgfrcs 2023-01-15 v3.1.10 (3.1.10)
))
Package: pgf 2023-01-15 v3.1.10 (3.1.10)

(/usr/share/texlive/texmf-dist/tex/latex/pgf/basiclayer/pgfcore.sty
(/usr/share/texlive/texmf-dist/tex/latex/graphics/graphicx.sty
Package: graphicx 2021/09/16 v1.2d Enhanced LaTeX Graphics (DPC,SPQR)

(/usr/share/texlive/texmf-dist/tex/latex/graphics/graphics.sty
Package: graphics 2022/03/10 v1.4e Standard LaTeX Graphics (DPC,SPQR)

(/usr/share/texlive/texmf-dist/tex/latex/graphics/trig.sty
Package: trig 2021/08/11 v1.11 sin cos tan (DPC)
)
(/usr/share/texlive/texmf-dist/tex/latex/graphics-cfg/graphics.cfg
File: graphics.cfg 2016/06/04 v1.11 sample graphics configuration
)
Package graphics Info: Driver file: pdftex.def on input line 107.

(/usr/share/texlive/texmf-dist/tex/latex/graphics-def/pdftex.def
File: pdftex.def 2022/09/22 v1.2b Graphics/color driver for pdftex
))
\Gin@req@height=\dimen151
\Gin@req@width=\dimen152
)
(/usr/share/texlive/texmf-dist/tex/latex/pgf/systemlayer/pgfsys.sty
(/usr/share/texlive/texmf-dist/tex/generic/pgf/systemlayer/pgfsys.code.tex
Package: pgfsys 2023-01-15 v3.1.10 (3.1.10)

(/usr/share/texlive/texmf-dist/tex/generic/pgf/utilities/pgfkeys.code.tex
\pgfkeys@pathtoks=\toks22
\pgfkeys@temptoks=\toks23

(/usr/share/texlive/texmf-dist/tex/generic/pgf/utilities/pgfkeyslibraryfiltered
.code.tex
\pgfkeys@tmptoks=\toks24
))
\pgf@x=\dimen153
\pgf@y=\dimen154
\pgf@xa=\dimen155
\pgf@ya=\dimen156
\pgf@xb=\dimen157
\pgf@yb=\dimen158
\pgf@xc=\dimen159
\pgf@yc=\dimen160
\pgf@xd=\dimen161
\pgf@yd=\dimen162
\w@pgf@writea=\write3
\r@pgf@reada=\read2
\c@pgf@counta=\count199
\c@pgf@countb=\count266
\c@pgf@countc=\count267
\c@pgf@countd=\count268
\t@pgf@toka=\toks25
\t@pgf@tokb=\toks26
\t@pgf@tokc=\toks27
\pgf@sys@id@count=\count269
 (/usr/share/texlive/texmf-dist/tex/generic/pgf/systemlayer/pgf.cfg
File: pgf.cfg 2023-01-15 v3.1.10 (3.1.10)
)
Driver file for pgf: pgfsys-pdftex.def
(/usr/share/texlive/texmf-dist/tex/generic/pgf/systemlayer/pgfsys-pdftex.def
File: pgfsys-pdftex.def 2023-01-15 v3.1.10 (3.1.10)

(/usr/share/texlive/texmf-dist/tex/generic/pgf/systemlayer/pgfsys-common-pdf.de
f
File: pgfsys-common-pdf.def 2023-01-15 v3.1.10 (3.1.10)
)))
(/usr/share/texlive/texmf-dist/tex/generic/pgf/systemlayer/pgfsyssoftpath.code.
tex
File: pgfsyssoftpath.code.tex 2023-01-15 v3.1.10 (3.1.10)
\pgfsyssoftpath@smallbuffer@items=\count270
\pgfsyssoftpath@bigbuffer@items=\count271
)
(/usr/share/texlive/texmf-dist/tex/generic/pgf/systemlayer/pgfsysprotocol.code.
tex
File: pgfsysprotocol.code.tex 2023-01-15 v3.1.10 (3.1.10)
)) (/usr/share/texlive/texmf-dist/tex/latex/xcolor/xcolor.sty
Package: xcolor 2023/11/15 v3.01 LaTeX color extensions (UK)

(/usr/share/texlive/texmf-dist/tex/latex/graphics-cfg/color.cfg
File: color.cfg 2016/01/02 v1.6 sample color configuration
)
Package xcolor Info: Driver file: pdftex.def on input line 274.

(/usr/share/texlive/texmf-dist/tex/latex/graphics/mathcolor.ltx)
Package xcolor Info: Model `cmy' substituted by `cmy0' on input line 1350.
Package xcolor Info: Model `hsb' substituted by `rgb' on input line 1354.
Package xcolor Info: Model `RGB' extended on input line 1366.
Package xcolor Info: Model `HTML' substituted by `rgb' on input line 1368.
Package xcolor Info: Model `Hsb' substituted by `hsb' on input line 1369.
Package xcolor Info: Model `tHsb' substituted by `hsb' on input line 1370.
Package xcolor Info: Model `HSB' substituted by `hsb' on input line 1371.
Package xcolor Info: Model `Gray' substituted by `gray' on input line 1372.
Package xcolor Info: Model `wave' substituted by `hsb' on input line 1373.
)
(/usr/share/texlive/texmf-dist/tex/generic/pgf/basiclayer/pgfcore.code.tex
Package: pgfcore 2023-01-15 v3.1.10 (3.1.10)

(/usr/share/texlive/texmf-dist/tex/generic/pgf/math/pgfmath.code.tex
(/usr/share/texlive/texmf-dist/tex/generic/pgf/math/pgfmathutil.code.tex)
(/usr/share/texlive/texmf-dist/tex/generic/pgf/math/pgfmathparser.code.tex
\pgfmath@dimen=\dimen163
\pgfmath@count=\count272
\pgfmath@box=\box52
\pgfmath@toks=\toks28
\pgfmath@stack@operand=\toks29
\pgfmath@stack@operation=\toks30
)
(/usr/share/texlive/texmf-dist/tex/generic/pgf/math/pgfmathfunctions.code.tex)
(/usr/share/texlive/texmf-dist/tex/generic/pgf/math/pgfmathfunctions.basic.code
.tex)
(/usr/share/texlive/texmf-dist/tex/generic/pgf/math/pgfmathfunctions.trigonomet
ric.code.tex)
(/usr/share/texlive/texmf-dist/tex/generic/pgf/math/pgfmathfunctions.random.cod
e.tex)
(/usr/share/texlive/texmf-dist/tex/generic/pgf/math/pgfmathfunctions.comparison
.code.tex)
(/usr/share/texlive/texmf-dist/tex/generic/pgf/math/pgfmathfunctions.base.code.
tex)
(/usr/share/texlive/texmf-dist/tex/generic/pgf/math/pgfmathfunctions.round.code
.tex)
(/usr/share/texlive/texmf-dist/tex/generic/pgf/math/pgfmathfunctions.misc.code.
tex)
(/usr/share/texlive/texmf-dist/tex/generic/pgf/math/pgfmathfunctions.integerari
thmetics.code.tex)
(/usr/share/texlive/texmf-dist/tex/generic/pgf/math/pgfmathcalc.code.tex)
(/usr/share/texlive/texmf-dist/tex/generic/pgf/math/pgfmathfloat.code.tex
\c@pgfmathroundto@lastzeros=\count273
))
(/usr/share/texlive/texmf-dist/tex/generic/pgf/math/pgfint.code.tex)
(/usr/share/texlive/texmf-dist/tex/generic/pgf/basiclayer/pgfcorepoints.code.te
x
File: pgfcorepoints.code.tex 2023-01-15 v3.1.10 (3.1.10)
\pgf@picminx=\dimen164
\pgf@picmaxx=\dimen165
\pgf@picminy=\dimen166
\pgf@picmaxy=\dimen167
\pgf@pathminx=\dimen168
\pgf@pathmaxx=\dimen169
\pgf@pathminy=\dimen170
\pgf@pathmaxy=\dimen171
\pgf@xx=\dimen172
\pgf@xy=\dimen173
\pgf@yx=\dimen174
\pgf@yy=\dimen175
\pgf@zx=\dimen176
\pgf@zy=\dimen177
)
(/usr/share/texlive/texmf-dist/tex/generic/pgf/basiclayer/pgfcorepathconstruct.
code.tex
File: pgfcorepathconstruct.code.tex 2023-01-15 v3.1.10 (3.1.10)
\pgf@path@lastx=\dimen178
\pgf@path@lasty=\dimen179
)
(/usr/share/texlive/texmf-dist/tex/generic/pgf/basiclayer/pgfcorepathusage.code
.tex
File: pgfcorepathusage.code.tex 2023-01-15 v3.1.10 (3.1.10)
\pgf@shorten@end@additional=\dimen180
\pgf@shorten@start@additional=\dimen181
)
(/usr/share/texlive/texmf-dist/tex/generic/pgf/basiclayer/pgfcorescopes.code.te
x
File: pgfcorescopes.code.tex 2023-01-15 v3.1.10 (3.1.10)
\pgfpic=\box53
\pgf@hbox=\box54
\pgf@layerbox@main=\box55
\pgf@picture@serial@count=\count274
)
(/usr/share/texlive/texmf-dist/tex/generic/pgf/basiclayer/pgfcoregraphicstate.c
ode.tex
File: pgfcoregraphicstate.code.tex 2023-01-15 v3.1.10 (3.1.10)
\pgflinewidth=\dimen182
)
(/usr/share/texlive/texmf-dist/tex/generic/pgf/basiclayer/pgfcoretransformation
s.code.tex
File: pgfcoretransformations.code.tex 2023-01-15 v3.1.10 (3.1.10)
\pgf@pt@x=\dimen183
\pgf@pt@y=\dimen184
\pgf@pt@temp=\dimen185
)
(/usr/share/texlive/texmf-dist/tex/generic/pgf/basiclayer/pgfcorequick.code.tex
File: pgfcorequick.code.tex 2023-01-15 v3.1.10 (3.1.10)
)
(/usr/share/texlive/texmf-dist/tex/generic/pgf/basiclayer/pgfcoreobjects.code.t
ex
File: pgfcoreobjects.code.tex 2023-01-15 v3.1.10 (3.1.10)
)
(/usr/share/texlive/texmf-dist/tex/generic/pgf/basiclayer/pgfcorepathprocessing
.code.tex
File: pgfcorepathprocessing.code.tex 2023-01-15 v3.1.10 (3.1.10)
)
(/usr/share/texlive/texmf-dist/tex/generic/pgf/basiclayer/pgfcorearrows.code.te
x
File: pgfcorearrows.code.tex 2023-01-15 v3.1.10 (3.1.10)
\pgfarrowsep=\dimen186
)
(/usr/share/texlive/texmf-dist/tex/generic/pgf/basiclayer/pgfcoreshade.code.tex
File: pgfcoreshade.code.tex 2023-01-15 v3.1.10 (3.1.10)
\pgf@max=\dimen187
\pgf@sys@shading@range@num=\count275
\pgf@shadingcount=\count276
)
(/usr/share/texlive/texmf-dist/tex/generic/pgf/basiclayer/pgfcoreimage.code.tex
File: pgfcoreimage.code.tex 2023-01-15 v3.1.10 (3.1.10)
)
(/usr/share/texlive/texmf-dist/tex/generic/pgf/basiclayer/pgfcoreexternal.code.
tex
File: pgfcoreexternal.code.tex 2023-01-15 v3.1.10 (3.1.10)
\pgfexternal@startupbox=\box56
)
(/usr/share/texlive/texmf-dist/tex/generic/pgf/basiclayer/pgfcorelayers.code.te
x
File: pgfcorelayers.code.tex 2023-01-15 v3.1.10 (3.1.10)
)
(/usr/share/texlive/texmf-dist/tex/generic/pgf/basiclayer/pgfcoretransparency.c
ode.tex
File: pgfcoretransparency.code.tex 2023-01-15 v3.1.10 (3.1.10)
)
(/usr/share/texlive/texmf-dist/tex/generic/pgf/basiclayer/pgfcorepatterns.code.
tex
File: pgfcorepatterns.code.tex 2023-01-15 v3.1.10 (3.1.10)
)
(/usr/share/texlive/texmf-dist/tex/generic/pgf/basiclayer/pgfcorerdf.code.tex
File: pgfcorerdf.code.tex 2023-01-15 v3.1.10 (3.1.10)
)))
(/usr/share/texlive/texmf-dist/tex/generic/pgf/modules/pgfmoduleshapes.code.tex
File: pgfmoduleshapes.code.tex 2023-01-15 v3.1.10 (3.1.10)
\pgfnodeparttextbox=\box57
) (/usr/share/texlive/texmf-dist/tex/generic/pgf/modules/pgfmoduleplot.code.tex
File: pgfmoduleplot.code.tex 2023-01-15 v3.1.10 (3.1.10)
)
(/usr/share/texlive/texmf-dist/tex/latex/pgf/compatibility/pgfcomp-version-0-65
.sty
Package: pgfcomp-version-0-65 2023-01-15 v3.1.10 (3.1.10)
\pgf@nodesepstart=\dimen188
\pgf@nodesepend=\dimen189
)
(/usr/share/texlive/texmf-dist/tex/latex/pgf/compatibility/pgfcomp-version-1-18
.sty
Package: pgfcomp-version-1-18 2023-01-15 v3.1.10 (3.1.10)
)) (/usr/share/texlive/texmf-dist/tex/latex/pgf/utilities/pgffor.sty
(/usr/share/texlive/texmf-dist/tex/latex/pgf/utilities/pgfkeys.sty
(/usr/share/texlive/texmf-dist/tex/generic/pgf/utilities/pgfkeys.code.tex))
(/usr/share/texlive/texmf-dist/tex/latex/pgf/math/pgfmath.sty
(/usr/share/texlive/texmf-dist/tex/generic/pgf/math/pgfmath.code.tex))
(/usr/share/texlive/texmf-dist/tex/generic/pgf/utilities/pgffor.code.tex
Package: pgffor 2023-01-15 v3.1.10 (3.1.10)
\pgffor@iter=\dimen190
\pgffor@skip=\dimen191
\pgffor@stack=\toks31
\pgffor@toks=\toks32
))
(/usr/share/texlive/texmf-dist/tex/generic/pgf/frontendlayer/tikz/tikz.code.tex
Package: tikz 2023-01-15 v3.1.10 (3.1.10)

(/usr/share/texlive/texmf-dist/tex/generic/pgf/libraries/pgflibraryplothandlers
.code.tex
File: pgflibraryplothandlers.code.tex 2023-01-15 v3.1.10 (3.1.10)
\pgf@plot@mark@count=\count277
\pgfplotmarksize=\dimen192
)
\tikz@lastx=\dimen193
\tikz@lasty=\dimen194
\tikz@lastxsaved=\dimen195
\tikz@lastysaved=\dimen196
\tikz@lastmovetox=\dimen197
\tikz@lastmovetoy=\dimen198
\tikzleveldistance=\dimen199
\tikzsiblingdistance=\dimen256
\tikz@figbox=\box58
\tikz@figbox@bg=\box59
\tikz@tempbox=\box60
\tikz@tempbox@bg=\box61
\tikztreelevel=\count278
\tikznumberofchildren=\count279
\tikznumberofcurrentchild=\count280
\tikz@fig@count=\count281

(/usr/share/texlive/texmf-dist/tex/generic/pgf/modules/pgfmodulematrix.code.tex
File: pgfmodulematrix.code.tex 2023-01-15 v3.1.10 (3.1.10)
\pgfmatrixcurrentrow=\count282
\pgfmatrixcurrentcolumn=\count283
\pgf@matrix@numberofcolumns=\count284
)
\tikz@expandcount=\count285

(/usr/share/texlive/texmf-dist/tex/generic/pgf/frontendlayer/tikz/libraries/tik
zlibrarytopaths.code.tex
File: tikzlibrarytopaths.code.tex 2023-01-15 v3.1.10 (3.1.10)
)))
(/usr/share/texlive/texmf-dist/tex/latex/amsfonts/amsfonts.sty
Package: amsfonts 2013/01/14 v3.01 Basic AMSFonts support
\@emptytoks=\toks33
\symAMSa=\mathgroup4
\symAMSb=\mathgroup5
LaTeX Font Info:    Redeclaring math symbol \hbar on input line 98.
LaTeX Font Info:    Overwriting math alphabet `\mathfrak' in version `bold'
(Font)                  U/euf/m/n --> U/euf/b/n on input line 106.
)
(/usr/share/texlive/texmf-dist/tex/latex/todonotes/todonotes.sty
Package: todonotes 2024/01/05 v1.1.7 Todonotes source and documentation.
Package: todonotes 2024/01/05

(/usr/share/texlive/texmf-dist/tex/latex/base/ifthen.sty
Package: ifthen 2022/04/13 v1.1d Standard LaTeX ifthen package (DPC)
)
(/usr/share/texlive/texmf-dist/tex/latex/xkeyval/xkeyval.sty
Package: xkeyval 2022/06/16 v2.9 package option processing (HA)

(/usr/share/texlive/texmf-dist/tex/generic/xkeyval/xkeyval.tex
(/usr/share/texlive/texmf-dist/tex/generic/xkeyval/xkvutils.tex
\XKV@toks=\toks34
\XKV@tempa@toks=\toks35
)
\XKV@depth=\count286
File: xkeyval.tex 2014/12/03 v2.7a key=value parser (HA)
))
(/usr/share/texlive/texmf-dist/tex/generic/pgf/frontendlayer/tikz/libraries/tik
zlibrarypositioning.code.tex
File: tikzlibrarypositioning.code.tex 2023-01-15 v3.1.10 (3.1.10)
)
(/usr/share/texlive/texmf-dist/tex/latex/tools/calc.sty
Package: calc 2023/07/08 v4.3 Infix arithmetic (KKT,FJ)
\calc@Acount=\count287
\calc@Bcount=\count288
\calc@Adimen=\dimen257
\calc@Bdimen=\dimen258
\calc@Askip=\skip50
\calc@Bskip=\skip51
LaTeX Info: Redefining \setlength on input line 80.
LaTeX Info: Redefining \addtolength on input line 81.
\calc@Ccount=\count289
\calc@Cskip=\skip52
)
\c@@todonotes@numberoftodonotes=\count290
)
(/usr/share/texlive/texmf-dist/tex/latex/subfig/subfig.sty
Package: subfig 2005/06/28 ver: 1.3 subfig package

(/usr/share/texlive/texmf-dist/tex/latex/caption/caption.sty
Package: caption 2023/08/05 v3.6o Customizing captions (AR)

(/usr/share/texlive/texmf-dist/tex/latex/caption/caption3.sty
Package: caption3 2023/07/31 v2.4d caption3 kernel (AR)
\caption@tempdima=\dimen259
\captionmargin=\dimen260
\caption@leftmargin=\dimen261
\caption@rightmargin=\dimen262
\caption@width=\dimen263
\caption@indent=\dimen264
\caption@parindent=\dimen265
\caption@hangindent=\dimen266
Package caption Info: Standard document class detected.
)
\c@caption@flags=\count291
\c@continuedfloat=\count292
)
\c@KVtest=\count293
\sf@farskip=\skip53
\sf@captopadj=\dimen267
\sf@capskip=\skip54
\sf@nearskip=\skip55
\c@subfigure=\count294
\c@subfigure@save=\count295
\c@lofdepth=\count296
\c@subtable=\count297
\c@subtable@save=\count298
\c@lotdepth=\count299
\sf@top=\skip56
\sf@bottom=\skip57
)
(/usr/share/texlive/texmf-dist/tex/latex/fancyhdr/fancyhdr.sty
Package: fancyhdr 2022/11/09 v4.1 Extensive control of page headers and footers

\f@nch@headwidth=\skip58
\f@nch@O@elh=\skip59
\f@nch@O@erh=\skip60
\f@nch@O@olh=\skip61
\f@nch@O@orh=\skip62
\f@nch@O@elf=\skip63
\f@nch@O@erf=\skip64
\f@nch@O@olf=\skip65
\f@nch@O@orf=\skip66
)
(/usr/share/texlive/texmf-dist/tex/latex/listings/listings.sty
\lst@mode=\count300
\lst@gtempboxa=\box62
\lst@token=\toks36
\lst@length=\count301
\lst@currlwidth=\dimen268
\lst@column=\count302
\lst@pos=\count303
\lst@lostspace=\dimen269
\lst@width=\dimen270
\lst@newlines=\count304
\lst@lineno=\count305
\lst@maxwidth=\dimen271

(/usr/share/texlive/texmf-dist/tex/latex/listings/lstmisc.sty
File: lstmisc.sty 2023/02/27 1.9 (Carsten Heinz)
\c@lstnumber=\count306
\lst@skipnumbers=\count307
\lst@framebox=\box63
)
(/usr/share/texlive/texmf-dist/tex/latex/listings/listings.cfg
File: listings.cfg 2023/02/27 1.9 listings configuration
))
Package: listings 2023/02/27 1.9 (Carsten Heinz)

(/usr/share/texlive/texmf-dist/tex/latex/float/float.sty
Package: float 2001/11/08 v1.3d Float enhancements (AL)
\c@float@type=\count308
\float@exts=\toks37
\float@box=\box64
\@float@everytoks=\toks38
\@floatcapt=\box65
)
(/usr/share/texlive/texmf-dist/tex/latex/amsmath/amsmath.sty
Package: amsmath 2023/05/13 v2.17o AMS math features
\@mathmargin=\skip67

For additional information on amsmath, use the `?' option.
(/usr/share/texlive/texmf-dist/tex/latex/amsmath/amstext.sty
Package: amstext 2021/08/26 v2.01 AMS text

(/usr/share/texlive/texmf-dist/tex/latex/amsmath/amsgen.sty
File: amsgen.sty 1999/11/30 v2.0 generic functions
\@emptytoks=\toks39
\ex@=\dimen272
))
(/usr/share/texlive/texmf-dist/tex/latex/amsmath/amsbsy.sty
Package: amsbsy 1999/11/29 v1.2d Bold Symbols
\pmbraise@=\dimen273
)
(/usr/share/texlive/texmf-dist/tex/latex/amsmath/amsopn.sty
Package: amsopn 2022/04/08 v2.04 operator names
)
\inf@bad=\count309
LaTeX Info: Redefining \frac on input line 234.
\uproot@=\count310
\leftroot@=\count311
LaTeX Info: Redefining \overline on input line 399.
LaTeX Info: Redefining \colon on input line 410.
\classnum@=\count312
\DOTSCASE@=\count313
LaTeX Info: Redefining \ldots on input line 496.
LaTeX Info: Redefining \dots on input line 499.
LaTeX Info: Redefining \cdots on input line 620.
\Mathstrutbox@=\box66
\strutbox@=\box67
LaTeX Info: Redefining \big on input line 722.
LaTeX Info: Redefining \Big on input line 723.
LaTeX Info: Redefining \bigg on input line 724.
LaTeX Info: Redefining \Bigg on input line 725.
\big@size=\dimen274
LaTeX Font Info:    Redeclaring font encoding OML on input line 743.
LaTeX Font Info:    Redeclaring font encoding OMS on input line 744.
\macc@depth=\count314
LaTeX Info: Redefining \bmod on input line 905.
LaTeX Info: Redefining \pmod on input line 910.
LaTeX Info: Redefining \smash on input line 940.
LaTeX Info: Redefining \relbar on input line 970.
LaTeX Info: Redefining \Relbar on input line 971.
\c@MaxMatrixCols=\count315
\dotsspace@=\muskip16
\c@parentequation=\count316
\dspbrk@lvl=\count317
\tag@help=\toks40
\row@=\count318
\column@=\count319
\maxfields@=\count320
\andhelp@=\toks41
\eqnshift@=\dimen275
\alignsep@=\dimen276
\tagshift@=\dimen277
\tagwidth@=\dimen278
\totwidth@=\dimen279
\lineht@=\dimen280
\@envbody=\toks42
\multlinegap=\skip68
\multlinetaggap=\skip69
\mathdisplay@stack=\toks43
LaTeX Info: Redefining \[ on input line 2953.
LaTeX Info: Redefining \] on input line 2954.
)
(/usr/share/texlive/texmf-dist/tex/latex/numprint/numprint.sty
Package: numprint 2012/08/20 v1.39 Print numbers (HH)

(/usr/share/texlive/texmf-dist/tex/latex/tools/array.sty
Package: array 2023/10/16 v2.5g Tabular extension package (FMi)
\col@sep=\dimen281
\ar@mcellbox=\box68
\extrarowheight=\dimen282
\NC@list=\toks44
\extratabsurround=\skip70
\backup@length=\skip71
\ar@cellbox=\box69
)
\c@nprt@mantissa@digitsbefore=\count321
\c@nprt@mantissa@digitsafter=\count322
\c@nprt@exponent@digitsbefore=\count323
\c@nprt@exponent@digitsafter=\count324
\nprt@digitwidth=\skip72
\nprt@sepwidth=\skip73
\nprt@decimalwidth=\skip74
\nprt@blockwidth=\skip75
\nprt@digittoks=\toks45
\nprt@pretoks=\toks46
\nprt@posttoks=\toks47
\nprt@thisdigit=\count325
\nprt@curpos=\count326
\nprt@rndpos=\count327
\c@nprt@digitsfirstblock=\count328
\c@nprt@blockcnt=\count329
\c@nprt@cntprint=\count330

No configuration file `numprint.cfg' found.)
(/usr/share/texlive/texmf-dist/tex/latex/pgfplots/pgfplots.sty
(/usr/share/texlive/texmf-dist/tex/generic/pgfplots/pgfplots.revision.tex)
Package: pgfplots 2021/05/15 v1.18.1 Data Visualization (1.18.1)

(/usr/share/texlive/texmf-dist/tex/generic/pgfplots/pgfplots.code.tex
(/usr/share/texlive/texmf-dist/tex/generic/pgfplots/pgfplotscore.code.tex
\t@pgfplots@toka=\toks48
\t@pgfplots@tokb=\toks49
\t@pgfplots@tokc=\toks50
\pgfplots@tmpa=\dimen283
\c@pgfplots@coordindex=\count331
\c@pgfplots@scanlineindex=\count332

(/usr/share/texlive/texmf-dist/tex/generic/pgfplots/sys/pgfplotssysgeneric.code
.tex))
(/usr/share/texlive/texmf-dist/tex/generic/pgfplots/libs/pgfplotslibrary.code.t
ex)
(/usr/share/texlive/texmf-dist/tex/generic/pgfplots/oldpgfcompatib/pgfplotsoldp
gfsupp_loader.code.tex
(/usr/share/texlive/texmf-dist/tex/generic/pgf/libraries/pgflibraryfpu.code.tex
)
Package pgfplots: loading complementary utilities for your pgf version...
\t@pgf@toka=\toks51
\t@pgf@tokb=\toks52
\t@pgf@tokc=\toks53

(/usr/share/texlive/texmf-dist/tex/generic/pgfplots/oldpgfcompatib/pgfplotsoldp
gfsupp_pgfutil-common-lists.tex))
(/usr/share/texlive/texmf-dist/tex/generic/pgfplots/util/pgfplotsutil.code.tex
(/usr/share/texlive/texmf-dist/tex/generic/pgfplots/liststructure/pgfplotslists
tructure.code.tex)
(/usr/share/texlive/texmf-dist/tex/generic/pgfplots/liststructure/pgfplotslists
tructureext.code.tex)
(/usr/share/texlive/texmf-dist/tex/generic/pgfplots/liststructure/pgfplotsarray
.code.tex
\c@pgfplotsarray@tmp=\count333
)
(/usr/share/texlive/texmf-dist/tex/generic/pgfplots/liststructure/pgfplotsmatri
x.code.tex)
(/usr/share/texlive/texmf-dist/tex/generic/pgfplots/numtable/pgfplotstableshare
d.code.tex
\c@pgfplotstable@counta=\count334
\t@pgfplotstable@a=\toks54
)
(/usr/share/texlive/texmf-dist/tex/generic/pgfplots/liststructure/pgfplotsdeque
.code.tex)
(/usr/share/texlive/texmf-dist/tex/generic/pgfplots/util/pgfplotsbinary.code.te
x
(/usr/share/texlive/texmf-dist/tex/generic/pgfplots/util/pgfplotsbinary.data.co
de.tex))
(/usr/share/texlive/texmf-dist/tex/generic/pgfplots/util/pgfplotsutil.verb.code
.tex)
(/usr/share/texlive/texmf-dist/tex/generic/pgfplots/libs/pgflibrarypgfplots.sur
fshading.code.tex
\c@pgfplotslibrarysurf@no=\count335

(/usr/share/texlive/texmf-dist/tex/generic/pgfplots/sys/pgflibrarypgfplots.surf
shading.pgfsys-pdftex.def)))
(/usr/share/texlive/texmf-dist/tex/generic/pgfplots/util/pgfplotscolormap.code.
tex
(/usr/share/texlive/texmf-dist/tex/generic/pgfplots/util/pgfplotscolor.code.tex
))
(/usr/share/texlive/texmf-dist/tex/generic/pgfplots/pgfplotsstackedplots.code.t
ex)
(/usr/share/texlive/texmf-dist/tex/generic/pgfplots/pgfplotsplothandlers.code.t
ex
(/usr/share/texlive/texmf-dist/tex/generic/pgfplots/pgfplotsmeshplothandler.cod
e.tex
(/usr/share/texlive/texmf-dist/tex/generic/pgfplots/pgfplotsmeshplotimage.code.
tex)))
(/usr/share/texlive/texmf-dist/tex/generic/pgfplots/pgfplots.scaling.code.tex)
(/usr/share/texlive/texmf-dist/tex/generic/pgfplots/pgfplotscoordprocessing.cod
e.tex)
(/usr/share/texlive/texmf-dist/tex/generic/pgfplots/pgfplots.errorbars.code.tex
) (/usr/share/texlive/texmf-dist/tex/generic/pgfplots/pgfplots.markers.code.tex
) (/usr/share/texlive/texmf-dist/tex/generic/pgfplots/pgfplotsticks.code.tex)
(/usr/share/texlive/texmf-dist/tex/generic/pgfplots/pgfplots.paths.code.tex)
(/usr/share/texlive/texmf-dist/tex/generic/pgf/frontendlayer/tikz/libraries/tik
zlibrarydecorations.code.tex
(/usr/share/texlive/texmf-dist/tex/generic/pgf/modules/pgfmoduledecorations.cod
e.tex
\pgfdecoratedcompleteddistance=\dimen284
\pgfdecoratedremainingdistance=\dimen285
\pgfdecoratedinputsegmentcompleteddistance=\dimen286
\pgfdecoratedinputsegmentremainingdistance=\dimen287
\pgf@decorate@distancetomove=\dimen288
\pgf@decorate@repeatstate=\count336
\pgfdecorationsegmentamplitude=\dimen289
\pgfdecorationsegmentlength=\dimen290
)
\tikz@lib@dec@box=\box70
)
(/usr/share/texlive/texmf-dist/tex/generic/pgf/frontendlayer/tikz/libraries/tik
zlibrarydecorations.pathmorphing.code.tex
(/usr/share/texlive/texmf-dist/tex/generic/pgf/libraries/decorations/pgflibrary
decorations.pathmorphing.code.tex))
(/usr/share/texlive/texmf-dist/tex/generic/pgf/frontendlayer/tikz/libraries/tik
zlibrarydecorations.pathreplacing.code.tex
(/usr/share/texlive/texmf-dist/tex/generic/pgf/libraries/decorations/pgflibrary
decorations.pathreplacing.code.tex))
(/usr/share/texlive/texmf-dist/tex/generic/pgfplots/libs/tikzlibrarypgfplots.co
ntourlua.code.tex)
\pgfplots@numplots=\count337
\pgfplots@xmin@reg=\dimen291
\pgfplots@xmax@reg=\dimen292
\pgfplots@ymin@reg=\dimen293
\pgfplots@ymax@reg=\dimen294
\pgfplots@zmin@reg=\dimen295
\pgfplots@zmax@reg=\dimen296
)
(/usr/share/texlive/texmf-dist/tex/generic/pgf/frontendlayer/tikz/libraries/tik
zlibraryplotmarks.code.tex
File: tikzlibraryplotmarks.code.tex 2023-01-15 v3.1.10 (3.1.10)

(/usr/share/texlive/texmf-dist/tex/generic/pgf/libraries/pgflibraryplotmarks.co
de.tex
File: pgflibraryplotmarks.code.tex 2023-01-15 v3.1.10 (3.1.10)
))) (/usr/share/texlive/texmf-dist/tex/latex/pgfplots/pgfplotstable.sty
(/usr/share/texlive/texmf-dist/tex/generic/pgfplots/pgfplots.revision.tex)
Package: pgfplotstable 2021/05/15 v1.18.1 Table typesetting and Pretty-printing
 (1.18.1)

(/usr/share/texlive/texmf-dist/tex/generic/pgfplots/numtable/pgfplotstable.code
.tex
(/usr/share/texlive/texmf-dist/tex/generic/pgfplots/numtable/pgfplotstable.colt
ype.code.tex)))
(/usr/share/texlive/texmf-dist/tex/latex/tocbibind/tocbibind.sty
Package: tocbibind 2010/10/13 v1.5k extra ToC listings
Package tocbibind Info: The document has chapter divisions on input line 50.


Package tocbibind Note: Using chapter style headings, unless overridden.

) (/usr/share/texlive/texmf-dist/tex/latex/hyperref/hyperref.sty
Package: hyperref 2024-01-20 v7.01h Hypertext links for LaTeX

(/usr/share/texlive/texmf-dist/tex/latex/kvsetkeys/kvsetkeys.sty
Package: kvsetkeys 2022-10-05 v1.19 Key value parser (HO)
)
(/usr/share/texlive/texmf-dist/tex/generic/kvdefinekeys/kvdefinekeys.sty
Package: kvdefinekeys 2019-12-19 v1.6 Define keys (HO)
)
(/usr/share/texlive/texmf-dist/tex/generic/pdfescape/pdfescape.sty
Package: pdfescape 2019/12/09 v1.15 Implements pdfTeX's escape features (HO)

(/usr/share/texlive/texmf-dist/tex/generic/ltxcmds/ltxcmds.sty
Package: ltxcmds 2023-12-04 v1.26 LaTeX kernel commands for general use (HO)
)
(/usr/share/texlive/texmf-dist/tex/generic/pdftexcmds/pdftexcmds.sty
Package: pdftexcmds 2020-06-27 v0.33 Utility functions of pdfTeX for LuaTeX (HO
)

(/usr/share/texlive/texmf-dist/tex/generic/infwarerr/infwarerr.sty
Package: infwarerr 2019/12/03 v1.5 Providing info/warning/error messages (HO)
)
Package pdftexcmds Info: \pdf@primitive is available.
Package pdftexcmds Info: \pdf@ifprimitive is available.
Package pdftexcmds Info: \pdfdraftmode found.
))
(/usr/share/texlive/texmf-dist/tex/latex/hycolor/hycolor.sty
Package: hycolor 2020-01-27 v1.10 Color options for hyperref/bookmark (HO)
)
(/usr/share/texlive/texmf-dist/tex/latex/auxhook/auxhook.sty
Package: auxhook 2019-12-17 v1.6 Hooks for auxiliary files (HO)
)
(/usr/share/texlive/texmf-dist/tex/latex/hyperref/nameref.sty
Package: nameref 2023-11-26 v2.56 Cross-referencing by name of section

(/usr/share/texlive/texmf-dist/tex/latex/refcount/refcount.sty
Package: refcount 2019/12/15 v3.6 Data extraction from label references (HO)
)
(/usr/share/texlive/texmf-dist/tex/generic/gettitlestring/gettitlestring.sty
Package: gettitlestring 2019/12/15 v1.6 Cleanup title references (HO)

(/usr/share/texlive/texmf-dist/tex/latex/kvoptions/kvoptions.sty
Package: kvoptions 2022-06-15 v3.15 Key value format for package options (HO)
))
\c@section@level=\count338
)
(/usr/share/texlive/texmf-dist/tex/latex/etoolbox/etoolbox.sty
Package: etoolbox 2020/10/05 v2.5k e-TeX tools for LaTeX (JAW)
\etb@tempcnta=\count339
)
\@linkdim=\dimen297
\Hy@linkcounter=\count340
\Hy@pagecounter=\count341

(/usr/share/texlive/texmf-dist/tex/latex/hyperref/pd1enc.def
File: pd1enc.def 2024-01-20 v7.01h Hyperref: PDFDocEncoding definition (HO)
Now handling font encoding PD1 ...
... no UTF-8 mapping file for font encoding PD1
)
(/usr/share/texlive/texmf-dist/tex/generic/intcalc/intcalc.sty
Package: intcalc 2019/12/15 v1.3 Expandable calculations with integers (HO)
)
\Hy@SavedSpaceFactor=\count342

(/usr/share/texlive/texmf-dist/tex/latex/hyperref/puenc.def
File: puenc.def 2024-01-20 v7.01h Hyperref: PDF Unicode definition (HO)
Now handling font encoding PU ...
... no UTF-8 mapping file for font encoding PU
)
Package hyperref Info: Hyper figures OFF on input line 4179.
Package hyperref Info: Link nesting OFF on input line 4184.
Package hyperref Info: Hyper index ON on input line 4187.
Package hyperref Info: Plain pages OFF on input line 4194.
Package hyperref Info: Backreferencing OFF on input line 4199.
Package hyperref Info: Implicit mode ON; LaTeX internals redefined.
Package hyperref Info: Bookmarks ON on input line 4446.
\c@Hy@tempcnt=\count343

(/usr/share/texlive/texmf-dist/tex/latex/url/url.sty
\Urlmuskip=\muskip17
Package: url 2013/09/16  ver 3.4  Verb mode for urls, etc.
)
LaTeX Info: Redefining \url on input line 4784.
\XeTeXLinkMargin=\dimen298

(/usr/share/texlive/texmf-dist/tex/generic/bitset/bitset.sty
Package: bitset 2019/12/09 v1.3 Handle bit-vector datatype (HO)

(/usr/share/texlive/texmf-dist/tex/generic/bigintcalc/bigintcalc.sty
Package: bigintcalc 2019/12/15 v1.5 Expandable calculations on big integers (HO
)
))
\Fld@menulength=\count344
\Field@Width=\dimen299
\Fld@charsize=\dimen300
Package hyperref Info: Hyper figures OFF on input line 6063.
Package hyperref Info: Link nesting OFF on input line 6068.
Package hyperref Info: Hyper index ON on input line 6071.
Package hyperref Info: backreferencing OFF on input line 6078.
Package hyperref Info: Link coloring OFF on input line 6083.
Package hyperref Info: Link coloring with OCG OFF on input line 6088.
Package hyperref Info: PDF/A mode OFF on input line 6093.

(/usr/share/texlive/texmf-dist/tex/latex/base/atbegshi-ltx.sty
Package: atbegshi-ltx 2021/01/10 v1.0c Emulation of the original atbegshi
package with kernel methods
)
\Hy@abspage=\count345
\c@Item=\count346
\c@Hfootnote=\count347
)
Package hyperref Info: Driver (autodetected): hpdftex.

(/usr/share/texlive/texmf-dist/tex/latex/hyperref/hpdftex.def
File: hpdftex.def 2024-01-20 v7.01h Hyperref driver for pdfTeX

(/usr/share/texlive/texmf-dist/tex/latex/base/atveryend-ltx.sty
Package: atveryend-ltx 2020/08/19 v1.0a Emulation of the original atveryend pac
kage
with kernel methods
)
\Fld@listcount=\count348
\c@bookmark@seq@number=\count349

(/usr/share/texlive/texmf-dist/tex/latex/rerunfilecheck/rerunfilecheck.sty
Package: rerunfilecheck 2022-07-10 v1.10 Rerun checks for auxiliary files (HO)

(/usr/share/texlive/texmf-dist/tex/generic/uniquecounter/uniquecounter.sty
Package: uniquecounter 2019/12/15 v1.4 Provide unlimited unique counter (HO)
)
Package uniquecounter Info: New unique counter `rerunfilecheck' on input line 2
85.
)
\Hy@SectionHShift=\skip76
)
(/usr/share/texlive/texmf-dist/tex/latex/booktabs/booktabs.sty
Package: booktabs 2020/01/12 v1.61803398 Publication quality tables
\heavyrulewidth=\dimen301
\lightrulewidth=\dimen302
\cmidrulewidth=\dimen303
\belowrulesep=\dimen304
\belowbottomsep=\dimen305
\aboverulesep=\dimen306
\abovetopsep=\dimen307
\cmidrulesep=\dimen308
\cmidrulekern=\dimen309
\defaultaddspace=\dimen310
\@cmidla=\count350
\@cmidlb=\count351
\@aboverulesep=\dimen311
\@belowrulesep=\dimen312
\@thisruleclass=\count352
\@lastruleclass=\count353
\@thisrulewidth=\dimen313
)
(/usr/share/texlive/texmf-dist/tex/latex/tools/tabularx.sty
Package: tabularx 2023/07/08 v2.11c `tabularx' package (DPC)
\TX@col@width=\dimen314
\TX@old@table=\dimen315
\TX@old@col=\dimen316
\TX@target=\dimen317
\TX@delta=\dimen318
\TX@cols=\count354
\TX@ftn=\toks55
)
(/usr/share/texlive/texmf-dist/tex/latex/colortbl/colortbl.sty
Package: colortbl 2022/06/20 v1.0f Color table columns (DPC)
\everycr=\toks56
\minrowclearance=\skip77
\rownum=\count355
)
(/usr/share/texlive/texmf-dist/tex/latex/tools/longtable.sty
Package: longtable 2023-11-01 v4.19 Multi-page Table package (DPC)
\LTleft=\skip78
\LTright=\skip79
\LTpre=\skip80
\LTpost=\skip81
\LTchunksize=\count356
\LTcapwidth=\dimen319
\LT@head=\box71
\LT@firsthead=\box72
\LT@foot=\box73
\LT@lastfoot=\box74
\LT@gbox=\box75
\LT@cols=\count357
\LT@rows=\count358
\c@LT@tables=\count359
\c@LT@chunks=\count360
\LT@p@ftn=\toks57
)
(/usr/share/texlive/texmf-dist/tex/latex/minted/minted.sty
Package: minted 2023/12/18 v2.9 Yet another Pygments shim for LaTeX

(/usr/share/texlive/texmf-dist/tex/latex/fvextra/fvextra.sty
Package: fvextra 2023/11/28 v1.6.1 fvextra - extensions and patches for fancyvr
b

(/usr/share/texlive/texmf-dist/tex/latex/fancyvrb/fancyvrb.sty
Package: fancyvrb 2024/01/20 4.5c verbatim text (tvz,hv)
\FV@CodeLineNo=\count361
\FV@InFile=\read3
\FV@TabBox=\box76
\c@FancyVerbLine=\count362
\FV@StepNumber=\count363
\FV@OutFile=\write4
)
(/usr/share/texlive/texmf-dist/tex/latex/upquote/upquote.sty
Package: upquote 2012/04/19 v1.3 upright-quote and grave-accent glyphs in verba
tim
)
(/usr/share/texlive/texmf-dist/tex/latex/lineno/lineno.sty
Package: lineno 2023/05/20 line numbers on paragraphs v5.3
\linenopenalty=\count364
\output=\toks58
\linenoprevgraf=\count365
\linenumbersep=\dimen320
\linenumberwidth=\dimen321
\c@linenumber=\count366
\c@pagewiselinenumber=\count367
\c@LN@truepage=\count368
\c@internallinenumber=\count369
\c@internallinenumbers=\count370
\quotelinenumbersep=\dimen322
\bframerule=\dimen323
\bframesep=\dimen324
\bframebox=\box77
\linenoamsmath@ams@eqpen=\count371
LaTeX Info: Redefining \\ on input line 3180.
)
\c@FancyVerbWriteLine=\count372
\c@FancyVerbBufferIndex=\count373
\c@FancyVerbBufferLength=\count374
\c@FancyVerbBufferLine=\count375
\c@FV@oldbufferlength=\count376
\c@FV@TrueTabGroupLevel=\count377
\c@FV@TrueTabCounter=\count378
\FV@TabBox@Group=\box78
\FV@TmpLength=\skip82
\c@FV@HighlightLinesStart=\count379
\c@FV@HighlightLinesStop=\count380
\FV@LoopCount=\count381
\FV@NCharsBox=\box79
\FV@BreakIndent=\dimen325
\FV@BreakIndentNChars=\count382
\FV@BreakSymbolSepLeft=\dimen326
\FV@BreakSymbolSepLeftNChars=\count383
\FV@BreakSymbolSepRight=\dimen327
\FV@BreakSymbolSepRightNChars=\count384
\FV@BreakSymbolIndentLeft=\dimen328
\FV@BreakSymbolIndentLeftNChars=\count385
\FV@BreakSymbolIndentRight=\dimen329
\FV@BreakSymbolIndentRightNChars=\count386
\c@FancyVerbLineBreakLast=\count387
\FV@LineBox=\box80
\FV@LineIndentBox=\box81
\c@FV@BreakBufferDepth=\count388
\FV@LineWidth=\dimen330
)
(/usr/share/texlive/texmf-dist/tex/latex/tools/shellesc.sty
Package: shellesc 2023/07/08 v1.0d unified shell escape interface for LaTeX
Package shellesc Info: Restricted shell escape enabled on input line 77.
)
(/usr/share/texlive/texmf-dist/tex/latex/ifplatform/ifplatform.sty
Package: ifplatform 2017/10/13 v0.4a Testing for the operating system

(/usr/share/texlive/texmf-dist/tex/generic/catchfile/catchfile.sty
Package: catchfile 2019/12/09 v1.8 Catch the contents of a file (HO)

(/usr/share/texlive/texmf-dist/tex/generic/etexcmds/etexcmds.sty
Package: etexcmds 2019/12/15 v1.7 Avoid name clashes with e-TeX commands (HO)
))
(/usr/share/texlive/texmf-dist/tex/generic/iftex/ifluatex.sty
Package: ifluatex 2019/10/25 v1.5 ifluatex legacy package. Use iftex instead.
)

Package ifplatform Warning: 
    shell escape is disabled, so I can only detect \ifwindows.

) (/usr/share/texlive/texmf-dist/tex/generic/xstring/xstring.sty
(/usr/share/texlive/texmf-dist/tex/generic/xstring/xstring.tex
\xs_counta=\count389
\xs_countb=\count390
)
Package: xstring 2023/08/22 v1.86 String manipulations (CT)
)
(/usr/share/texlive/texmf-dist/tex/latex/framed/framed.sty
Package: framed 2011/10/22 v 0.96: framed or shaded text with page breaks
\OuterFrameSep=\skip83
\fb@frw=\dimen331
\fb@frh=\dimen332
\FrameRule=\dimen333
\FrameSep=\dimen334
)
\minted@appexistsfile=\read4
\minted@bgbox=\box82
\minted@code=\write5
\c@minted@FancyVerbLineTemp=\count391
\c@minted@pygmentizecounter=\count392
\@float@every@listing=\toks59
\c@listing=\count393
)
runsystem(mkdir -p _minted-main)...disabled (restricted).



! Package minted Error: You must invoke LaTeX with the -shell-escape flag.

See the minted package documentation for explanation.
Type  H <return>  for immediate help.
 ...                                              
                                                  
l.35 \usepackage
                {xcolor}
? 
(/usr/share/texlive/texmf-dist/tex/latex/tcolorbox/tcolorbox.sty
Package: tcolorbox 2024/01/10 version 6.2.0 text color boxes

(/usr/share/texlive/texmf-dist/tex/latex/tools/verbatim.sty
Package: verbatim 2023-11-06 v1.5v LaTeX2e package for verbatim enhancements
\every@verbatim=\toks60
\verbatim@line=\toks61
\verbatim@in@stream=\read5
)
(/usr/share/texlive/texmf-dist/tex/latex/environ/environ.sty
Package: environ 2014/05/04 v0.3 A new way to define environments

(/usr/share/texlive/texmf-dist/tex/latex/trimspaces/trimspaces.sty
Package: trimspaces 2009/09/17 v1.1 Trim spaces around a token list
))
\tcb@titlebox=\box83
\tcb@upperbox=\box84
\tcb@lowerbox=\box85
\tcb@phantombox=\box86
\c@tcbbreakpart=\count394
\c@tcblayer=\count395
\c@tcolorbox@number=\count396
\l__tcobox_tmpa_box=\box87
\l__tcobox_tmpa_dim=\dimen335
\tcb@temp=\box88
\tcb@temp=\box89
\tcb@temp=\box90
\tcb@temp=\box91
)
(/usr/share/texlive/texmf-dist/tex/latex/tcolorbox/tcblistings.code.tex
Library (tcolorbox): 'tcblistings.code.tex' version '6.2.0'
(/usr/share/texlive/texmf-dist/tex/latex/tcolorbox/tcblistingscore.code.tex
Library (tcolorbox): 'tcblistingscore.code.tex' version '6.2.0'
(/usr/share/texlive/texmf-dist/tex/latex/tcolorbox/tcbprocessing.code.tex
Library (tcolorbox): 'tcbprocessing.code.tex' version '6.2.0'
)
\c@tcblisting=\count397
)) (/usr/share/texlive/texmf-dist/tex/latex/tcolorbox/tcbskins.code.tex
Library (tcolorbox): 'tcbskins.code.tex' version '6.2.0'
(/usr/share/texlive/texmf-dist/tex/latex/tikzfill/tikzfill.image.sty
Package: tikzfill.image 2023/08/08 v1.0.1 Image filling library for TikZ

(/usr/share/texlive/texmf-dist/tex/latex/tikzfill/tikzfill-common.sty
Package: tikzfill-common 2023/08/08 v1.0.1 Auxiliary code for tikzfill
)
(/usr/share/texlive/texmf-dist/tex/latex/tikzfill/tikzlibraryfill.image.code.te
x
File: tikzlibraryfill.image.code.tex 2023/08/08 v1.0.1 Image filling library
\l__tikzfill_img_box=\box92
)) (/usr/share/texlive/texmf-dist/tex/latex/tcolorbox/tcbskinsjigsaw.code.tex
Library (tcolorbox): 'tcbskinsjigsaw.code.tex' version '6.2.0'
)) (/usr/share/texlive/texmf-dist/tex/latex/tcolorbox/tcbbreakable.code.tex
Library (tcolorbox): 'tcbbreakable.code.tex' version '6.2.0'
(/usr/share/texlive/texmf-dist/tex/latex/pdfcol/pdfcol.sty
Package: pdfcol 2022-09-21 v1.7 Handle new color stacks for pdfTeX (HO)
)
Package pdfcol Info: New color stack `tcb@breakable' = 1 on input line 23.
\tcb@testbox=\box93
\tcb@totalupperbox=\box94
\tcb@totallowerbox=\box95
)
(/usr/share/texlive/texmf-dist/tex/latex/csquotes/csquotes.sty
Package: csquotes 2022-09-14 v5.2n context-sensitive quotations (JAW)
\csq@reset=\count398
\csq@gtype=\count399
\csq@glevel=\count400
\csq@qlevel=\count401
\csq@maxlvl=\count402
\csq@tshold=\count403
\csq@ltx@everypar=\toks62

(/usr/share/texlive/texmf-dist/tex/latex/csquotes/csquotes.def
File: csquotes.def 2022-09-14 v5.2n csquotes generic definitions (JAW)
)
Package csquotes Info: Trying to load configuration file 'csquotes.cfg'...
Package csquotes Info: ... configuration file loaded successfully.

(/usr/share/texlive/texmf-dist/tex/latex/csquotes/csquotes.cfg
File: csquotes.cfg 
))
runsystem(command -v pygmentize && touch main.aex)...disabled (restricted).



! Package minted Error: You must have `pygmentize' installed to use this packag
e.

See the minted package documentation for explanation.
Type  H <return>  for immediate help.
 ...                                              
                                                  
l.71 \begin{document}
                     
? 
Package csquotes Info: Checking for multilingual support...
Package csquotes Info: ... none found.
(/usr/share/texlive/texmf-dist/tex/latex/l3backend/l3backend-pdftex.def
File: l3backend-pdftex.def 2024-01-04 L3 backend support: PDF output (pdfTeX)
\l__color_backend_stack_int=\count404
\l__pdf_internal_box=\box96
)
(./main.aux (./Chapters/Introductions.aux) (./Chapters/Fase1.aux)
(./Chapters/Fase2.aux) (./Chapters/Fase3.aux) (./Chapters/Conclusions.aux))
\openout1 = `main.aux'.

LaTeX Font Info:    Checking defaults for OML/cmm/m/it on input line 71.
LaTeX Font Info:    ... okay on input line 71.
LaTeX Font Info:    Checking defaults for OMS/cmsy/m/n on input line 71.
LaTeX Font Info:    ... okay on input line 71.
LaTeX Font Info:    Checking defaults for OT1/cmr/m/n on input line 71.
LaTeX Font Info:    ... okay on input line 71.
LaTeX Font Info:    Checking defaults for T1/cmr/m/n on input line 71.
LaTeX Font Info:    ... okay on input line 71.
LaTeX Font Info:    Checking defaults for TS1/cmr/m/n on input line 71.
LaTeX Font Info:    ... okay on input line 71.
LaTeX Font Info:    Checking defaults for OMX/cmex/m/n on input line 71.
LaTeX Font Info:    ... okay on input line 71.
LaTeX Font Info:    Checking defaults for U/cmr/m/n on input line 71.
LaTeX Font Info:    ... okay on input line 71.
LaTeX Font Info:    Checking defaults for PD1/pdf/m/n on input line 71.
LaTeX Font Info:    ... okay on input line 71.
LaTeX Font Info:    Checking defaults for PU/pdf/m/n on input line 71.
LaTeX Font Info:    ... okay on input line 71.

*geometry* driver: auto-detecting
*geometry* detected driver: pdftex
*geometry* verbose mode - [ preamble ] result:
* driver: pdftex
* paper: a4paper
* layout: <same size as paper>
* layoutoffset:(h,v)=(0.0pt,0.0pt)
* modes: 
* h-part:(L,W,R)=(50.0pt, 497.50787pt, 50.0pt)
* v-part:(T,H,B)=(40.0pt, 750.04684pt, 55.0pt)
* \paperwidth=597.50787pt
* \paperheight=845.04684pt
* \textwidth=497.50787pt
* \textheight=750.04684pt
* \oddsidemargin=-22.26999pt
* \evensidemargin=-22.26999pt
* \topmargin=-64.14378pt
* \headheight=12.0pt
* \headsep=19.8738pt
* \topskip=12.0pt
* \footskip=30.0pt
* \marginparwidth=56.9055pt
* \marginparsep=7.0pt
* \columnsep=10.0pt
* \skip\footins=10.8pt plus 4.0pt minus 2.0pt
* \hoffset=0.0pt
* \voffset=0.0pt
* \mag=1000
* \@twocolumnfalse
* \@twosidefalse
* \@mparswitchfalse
* \@reversemarginfalse
* (1in=72.27pt=25.4mm, 1cm=28.453pt)

(/usr/share/texlive/texmf-dist/tex/context/base/mkii/supp-pdf.mkii
[Loading MPS to PDF converter (version 2006.09.02).]
\scratchcounter=\count405
\scratchdimen=\dimen336
\scratchbox=\box97
\nofMPsegments=\count406
\nofMParguments=\count407
\everyMPshowfont=\toks63
\MPscratchCnt=\count408
\MPscratchDim=\dimen337
\MPnumerator=\count409
\makeMPintoPDFobject=\count410
\everyMPtoPDFconversion=\toks64
) (/usr/share/texlive/texmf-dist/tex/latex/epstopdf-pkg/epstopdf-base.sty
Package: epstopdf-base 2020-01-24 v2.11 Base part for package epstopdf
Package epstopdf-base Info: Redefining graphics rule for `.eps' on input line 4
85.

(/usr/share/texlive/texmf-dist/tex/latex/latexconfig/epstopdf-sys.cfg
File: epstopdf-sys.cfg 2010/07/13 v1.3 Configuration of (r)epstopdf for TeX Liv
e
))
Package caption Info: Begin \AtBeginDocument code.
Package caption Info: subfig package v1.3 is loaded.
Package caption Info: float package is loaded.
Package caption Info: hyperref package is loaded.
Package caption Info: listings package is loaded.
Package caption Info: longtable package is loaded.

(/usr/share/texlive/texmf-dist/tex/latex/caption/ltcaption.sty
Package: ltcaption 2021/01/08 v1.4c longtable captions (AR)
)
Package caption Info: End \AtBeginDocument code.

(/usr/share/texlive/texmf-dist/tex/latex/base/textcomp.sty
Package: textcomp 2020/02/02 v2.0n Standard LaTeX package
)
\c@lstlisting=\count411

Package pgfplots notification 'compat/show suggested version=true': you might b
enefit from \pgfplotsset{compat=1.18} (current compat level: 1.16).

Package hyperref Info: Link coloring OFF on input line 71.
(./main.out) (./main.out)
\@outlinefile=\write6
\openout6 = `main.out'.

<Images/logo.png, id=228, 459.7175pt x 110.4125pt>
File: Images/logo.png Graphic file (type png)
<use Images/logo.png>
Package pdftex.def Info: Images/logo.png  used on input line 78.
(pdftex.def)             Requested size: 398.00781pt x 95.59645pt.
<Images/FotoPresa.jpg, id=229, 776.9025pt x 777.90625pt>
File: Images/FotoPresa.jpg Graphic file (type jpg)
<use Images/FotoPresa.jpg>
Package pdftex.def Info: Images/FotoPresa.jpg  used on input line 97.
(pdftex.def)             Requested size: 199.0001pt x 199.25964pt.
 [1


{/var/lib/texmf/fonts/map/pdftex/updmap/pdftex.map} <./Images/logo.png> <./Imag
es/FotoPresa.jpg>] (./main.toc
LaTeX Font Info:    Trying to load font information for U+msa on input line 3.

(/usr/share/texlive/texmf-dist/tex/latex/amsfonts/umsa.fd
File: umsa.fd 2013/01/14 v3.01 AMS symbols A
)
LaTeX Font Info:    Trying to load font information for U+msb on input line 3.

(/usr/share/texlive/texmf-dist/tex/latex/amsfonts/umsb.fd
File: umsb.fd 2013/01/14 v3.01 AMS symbols B
)
pdfTeX warning (ext4): destination with the same identifier (name{page.1}) has 
been already used, duplicate ignored
<to be read again> 
                   \relax 
l.27 ...ck Execution and Results}{40}{section*.42}
                                                  % [1

])
\tf@toc=\write7
\openout7 = `main.toc'.

 [2]
\openout2 = `Chapters/Introductions.aux'.


(./Chapters/Introductions.tex [3


]) [4]
\openout2 = `Chapters/Fase1.aux'.

 (./Chapters/Fase1.tex
Chapter 1.
[5




]
<Images/Fase1/Interfaccia1.png, id=319, 2079.77pt x 1348.03625pt>
File: Images/Fase1/Interfaccia1.png Graphic file (type png)
<use Images/Fase1/Interfaccia1.png>
Package pdftex.def Info: Images/Fase1/Interfaccia1.png  used on input line 20.
(pdftex.def)             Requested size: 422.88472pt x 274.0866pt.
<Images/Fase1/Interfaccia2.png, id=323, 2079.77pt x 1348.03625pt>
File: Images/Fase1/Interfaccia2.png Graphic file (type png)
<use Images/Fase1/Interfaccia2.png>
Package pdftex.def Info: Images/Fase1/Interfaccia2.png  used on input line 29.
(pdftex.def)             Requested size: 398.00781pt x 257.96022pt.
<Images/Fase1/Interfaccia4.png, id=324, 2079.77pt x 1348.03625pt>
File: Images/Fase1/Interfaccia4.png Graphic file (type png)
<use Images/Fase1/Interfaccia4.png>
Package pdftex.def Info: Images/Fase1/Interfaccia4.png  used on input line 36.
(pdftex.def)             Requested size: 398.00781pt x 257.96022pt.
 [6 <./Images/Fase1/Interfaccia1.png> <./Images/Fase1/Interfaccia2.png>]
<Images/Fase1/Interfaccia5.png, id=337, 2079.77pt x 1348.03625pt>
File: Images/Fase1/Interfaccia5.png Graphic file (type png)
<use Images/Fase1/Interfaccia5.png>
Package pdftex.def Info: Images/Fase1/Interfaccia5.png  used on input line 45.
(pdftex.def)             Requested size: 398.00781pt x 257.96022pt.

[7 <./Images/Fase1/Interfaccia4.png> <./Images/Fase1/Interfaccia5.png>]
[8{/usr/share/texmf/fonts/enc/dvips/cm-super/cm-super-ts1.enc}]
<Images/Fase1/Shelly Plug S Gen1 PCB.jpeg, id=357, 822.82407pt x 770.12718pt>
File: Images/Fase1/Shelly Plug S Gen1 PCB.jpeg Graphic file (type jpg)
<use Images/Fase1/Shelly Plug S Gen1 PCB.jpeg>
Package pdftex.def Info: Images/Fase1/Shelly Plug S Gen1 PCB.jpeg  used on inpu
t line 105.
(pdftex.def)             Requested size: 199.0001pt x 186.25618pt.
 [9 <./Images/Fase1/Shelly Plug S Gen1 PCB.jpeg>]
<Images/Fase1/foto1.jpeg, id=363, 632.3625pt x 508.14844pt>
File: Images/Fase1/foto1.jpeg Graphic file (type jpg)
<use Images/Fase1/foto1.jpeg>
Package pdftex.def Info: Images/Fase1/foto1.jpeg  used on input line 135.
(pdftex.def)             Requested size: 199.0001pt x 159.90477pt.
 [10 <./Images/Fase1/foto1.jpeg>]
<Images/Fase1/linkTargetPC.jpeg, id=369, 593.96906pt x 897.3525pt>
File: Images/Fase1/linkTargetPC.jpeg Graphic file (type jpg)
<use Images/Fase1/linkTargetPC.jpeg>
Package pdftex.def Info: Images/Fase1/linkTargetPC.jpeg  used on input line 153
.
(pdftex.def)             Requested size: 199.0001pt x 300.64575pt.
 [11 <./Images/Fase1/linkTargetPC.jpeg>]
<Images/Fase1/binwalk -e command.png, id=377, 1577.895pt x 1119.18124pt>
File: Images/Fase1/binwalk -e command.png Graphic file (type png)
<use Images/Fase1/binwalk -e command.png>
Package pdftex.def Info: Images/Fase1/binwalk -e command.png  used on input lin
e 202.
(pdftex.def)             Requested size: 472.63095pt x 335.22757pt.
 [12]
<Images/Fase1/cd bin extract.png, id=384, 1395.2125pt x 94.3525pt>
File: Images/Fase1/cd bin extract.png Graphic file (type png)
<use Images/Fase1/cd bin extract.png>
Package pdftex.def Info: Images/Fase1/cd bin extract.png  used on input line 20
9.
(pdftex.def)             Requested size: 422.88472pt x 28.59822pt.
 [13 <./Images/Fase1/binwalk -e command.png> <./Images/Fase1/cd bin extract.png
>] [14] [15] [16] [17] [18]
<Images/Fase1/url list.jpeg, id=415, 1606.0pt x 1079.03125pt>
File: Images/Fase1/url list.jpeg Graphic file (type jpg)
<use Images/Fase1/url list.jpeg>
Package pdftex.def Info: Images/Fase1/url list.jpeg  used on input line 406.
(pdftex.def)             Requested size: 472.63095pt x 317.5541pt.
 [19 <./Images/Fase1/url list.jpeg>]
<Images/Fase1/Interfaccia3.png, id=423, 2079.77pt x 1348.03625pt>
File: Images/Fase1/Interfaccia3.png Graphic file (type png)
<use Images/Fase1/Interfaccia3.png>
Package pdftex.def Info: Images/Fase1/Interfaccia3.png  used on input line 427.

(pdftex.def)             Requested size: 447.75404pt x 290.21297pt.
<Images/Fase1/Interfaccia6.png, id=424, 804.00375pt x 898.35625pt>
File: Images/Fase1/Interfaccia6.png Graphic file (type png)
<use Images/Fase1/Interfaccia6.png>
Package pdftex.def Info: Images/Fase1/Interfaccia6.png  used on input line 434.

(pdftex.def)             Requested size: 248.75394pt x 277.93924pt.
 [20 <./Images/Fase1/Interfaccia3.png>]
<Images/Fase1/MQTT1.png, id=433, 2101.8525pt x 1413.28pt>
File: Images/Fase1/MQTT1.png Graphic file (type png)
<use Images/Fase1/MQTT1.png>
Package pdftex.def Info: Images/Fase1/MQTT1.png  used on input line 445.
(pdftex.def)             Requested size: 398.00781pt x 267.5987pt.
 [21 <./Images/Fase1/Interfaccia6.png> <./Images/Fase1/MQTT1.png>]
<Images/Fase1/MQTT2.png, id=443, 2101.8525pt x 1413.28pt>
File: Images/Fase1/MQTT2.png Graphic file (type png)
<use Images/Fase1/MQTT2.png>
Package pdftex.def Info: Images/Fase1/MQTT2.png  used on input line 454.
(pdftex.def)             Requested size: 398.00781pt x 267.5987pt.
<Images/Fase1/MQTT3.png, id=444, 2101.8525pt x 1413.28pt>
File: Images/Fase1/MQTT3.png Graphic file (type png)
<use Images/Fase1/MQTT3.png>
Package pdftex.def Info: Images/Fase1/MQTT3.png  used on input line 461.
(pdftex.def)             Requested size: 398.00781pt x 267.5987pt.
 [22 <./Images/Fase1/MQTT2.png> <./Images/Fase1/MQTT3.png>] [23]) [24]
\openout2 = `Chapters/Fase2.aux'.

 (./Chapters/Fase2.tex
Chapter 2.
<Images/Fase2/strutturaRedfw.png, id=465, 299.1175pt x 371.3875pt>
File: Images/Fase2/strutturaRedfw.png Graphic file (type png)
<use Images/Fase2/strutturaRedfw.png>
Package pdftex.def Info: Images/Fase2/strutturaRedfw.png  used on input line 16
.
(pdftex.def)             Requested size: 174.13078pt x 216.20392pt.
[25




]
<Images/Fase2/mosYAML.png, id=473, 1620.0525pt x 2200.22pt>
File: Images/Fase2/mosYAML.png Graphic file (type png)
<use Images/Fase2/mosYAML.png>
Package pdftex.def Info: Images/Fase2/mosYAML.png  used on input line 28.
(pdftex.def)             Requested size: 373.1309pt x 506.745pt.
 [26 <./Images/Fase2/strutturaRedfw.png>] [27 <./Images/Fase2/mosYAML.png>]
<Images/Fase2/getValori.png, id=487, 1636.1125pt x 1208.515pt>
File: Images/Fase2/getValori.png Graphic file (type png)
<use Images/Fase2/getValori.png>
Package pdftex.def Info: Images/Fase2/getValori.png  used on input line 53.
(pdftex.def)             Requested size: 422.88472pt x 312.36244pt.
[28 <./Images/Fase2/getValori.png>]
<Images/Fase2/sendUDP.png, id=500, 1670.24pt x 1361.085pt>
File: Images/Fase2/sendUDP.png Graphic file (type png)
<use Images/Fase2/sendUDP.png>
Package pdftex.def Info: Images/Fase2/sendUDP.png  used on input line 67.
(pdftex.def)             Requested size: 422.88472pt x 344.61102pt.
 [29] [30 <./Images/Fase2/sendUDP.png>]
<Images/Fase2/UDPserver.png, id=514, 2296.58pt x 3268.21pt>
File: Images/Fase2/UDPserver.png Graphic file (type png)
<use Images/Fase2/UDPserver.png>
Package pdftex.def Info: Images/Fase2/UDPserver.png  used on input line 96.
(pdftex.def)             Requested size: 373.1309pt x 530.95317pt.
\openout4 = `main.pyg'.

runsystem(pygmentize -S default -f latex -P commandprefix=PYG > _minted-main/de
fault.pygstyle)...disabled (restricted).



! Package catchfile Error: File `_minted-main/default.pygstyle' not found.

See the catchfile package documentation for explanation.
Type  H <return>  for immediate help.
 ...                                              
                                                  
l.121 \end{bashcode}
                    
? 
runsystem(pygmentize -S default -f latex -P commandprefix=PYG > _minted-main/de
fault.pygstyle)...disabled (restricted).


! Package catchfile Error: File `_minted-main/default.pygstyle' not found.

See the catchfile package documentation for explanation.
Type  H <return>  for immediate help.
 ...                                              
                                                  
l.121 \end{bashcode}
                    
? 

! Package minted Error: Cannot find Pygments style default.

See the minted package documentation for explanation.
Type  H <return>  for immediate help.
 ...                                              
                                                  
l.121 \end{bashcode}
                    
? 
runsystem(pygmentize -l 'bash' -f latex -P commandprefix=PYG -F tokenmerge -P s
tripnl='False' -o _minted-main/5AC0BBB53E180171DE2A55027886B9D2D3773C8B440B9933
59565A23D713B17A.pygtex main.pyg)...disabled (restricted).

[31 <./Images/Fase2/UDPserver.png>]

! Package minted Error: Missing Pygments output; \inputminted was
probably given a file that does not exist--otherwise, you may need 
the outputdir package option, or may be using an incompatible build tool,
or may be using frozencache with a missing file.

See the minted package documentation for explanation.
Type  H <return>  for immediate help.
 ...                                              
                                                  
l.121 \end{bashcode}
                    
? 
<Images/Fase2/RicezioneServerOK.png, id=522, 707.64375pt x 346.29375pt>
File: Images/Fase2/RicezioneServerOK.png Graphic file (type png)
<use Images/Fase2/RicezioneServerOK.png>
Package pdftex.def Info: Images/Fase2/RicezioneServerOK.png  used on input line
 127.
(pdftex.def)             Requested size: 398.00781pt x 194.7739pt.
<Images/Fase2/MongoDB.png, id=523, 980.66376pt x 868.24374pt>
File: Images/Fase2/MongoDB.png Graphic file (type png)
<use Images/Fase2/MongoDB.png>
Package pdftex.def Info: Images/Fase2/MongoDB.png  used on input line 134.
(pdftex.def)             Requested size: 422.88472pt x 374.3974pt.
[32 <./Images/Fase2/RicezioneServerOK.png>] [33 <./Images/Fase2/MongoDB.png>]
<Images/Fase2/PublishStatus.png, id=540, 1467.4825pt x 979.66pt>
File: Images/Fase2/PublishStatus.png Graphic file (type png)
<use Images/Fase2/PublishStatus.png>
Package pdftex.def Info: Images/Fase2/PublishStatus.png  used on input line 162
.
(pdftex.def)             Requested size: 422.88472pt x 282.30032pt.
<Images/Fase2/PublishEnergy.png, id=541, 1467.4825pt x 1589.94pt>
File: Images/Fase2/PublishEnergy.png Graphic file (type png)
<use Images/Fase2/PublishEnergy.png>
Package pdftex.def Info: Images/Fase2/PublishEnergy.png  used on input line 169
.
(pdftex.def)             Requested size: 422.88472pt x 458.15953pt.

[34 <./Images/Fase2/PublishStatus.png>] [35 <./Images/Fase2/PublishEnergy.png>]
<Images/Fase2/WifiSetup.png, id=556, 1106.1325pt x 764.8575pt>
File: Images/Fase2/WifiSetup.png Graphic file (type png)
<use Images/Fase2/WifiSetup.png>
Package pdftex.def Info: Images/Fase2/WifiSetup.png  used on input line 188.
(pdftex.def)             Requested size: 323.37708pt x 223.60028pt.
<Images/Fase2/InterfacciaRedfw.png, id=557, 2101.8525pt x 807.015pt>
File: Images/Fase2/InterfacciaRedfw.png Graphic file (type png)
<use Images/Fase2/InterfacciaRedfw.png>
Package pdftex.def Info: Images/Fase2/InterfacciaRedfw.png  used on input line 
195.
(pdftex.def)             Requested size: 447.75404pt x 171.91632pt.
[36 <./Images/Fase2/WifiSetup.png>]
<Images/Fase2/MITM0.jpg, id=567, 1033.36063pt x 668.4975pt>
File: Images/Fase2/MITM0.jpg Graphic file (type jpg)
<use Images/Fase2/MITM0.jpg>
Package pdftex.def Info: Images/Fase2/MITM0.jpg  used on input line 224.
(pdftex.def)             Requested size: 398.00781pt x 257.47943pt.
 [37 <./Images/Fase2/InterfacciaRedfw.png>]
[38 <./Images/Fase2/MITM0.jpg>]
<Images/Fase2/statusEndpoint.jpg, id=585, 1284.8pt x 631.35875pt>
File: Images/Fase2/statusEndpoint.jpg Graphic file (type jpg)
<use Images/Fase2/statusEndpoint.jpg>
Package pdftex.def Info: Images/Fase2/statusEndpoint.jpg  used on input line 24
1.
(pdftex.def)             Requested size: 472.63095pt x 232.25035pt.
\openout4 = `main.pyg'.

runsystem(pygmentize -l 'bash' -f latex -P commandprefix=PYG -F tokenmerge -P s
tripnl='False' -o _minted-main/17DC3DA60EAEEA00C367F7F39F9DC4D1D3773C8B440B9933
59565A23D713B17A.pygtex main.pyg)...disabled (restricted).

 [39 <./Images/Fase2/statusEndpoint.jpg>]

! Package minted Error: Missing Pygments output; \inputminted was
probably given a file that does not exist--otherwise, you may need 
the outputdir package option, or may be using an incompatible build tool,
or may be using frozencache with a missing file.

See the minted package documentation for explanation.
Type  H <return>  for immediate help.
 ...                                              
                                                  
l.261     \end{bashcode}
                        
? 
\openout4 = `main.pyg'.

runsystem(pygmentize -l 'bash' -f latex -P commandprefix=PYG -F tokenmerge -P s
tripnl='False' -o _minted-main/048255DF16F0F8BAE762651428A6ADC5D3773C8B440B9933
59565A23D713B17A.pygtex main.pyg)...disabled (restricted).


! Package minted Error: Missing Pygments output; \inputminted was
probably given a file that does not exist--otherwise, you may need 
the outputdir package option, or may be using an incompatible build tool,
or may be using frozencache with a missing file.

See the minted package documentation for explanation.
Type  H <return>  for immediate help.
 ...                                              
                                                  
l.267     \end{bashcode}
                        
? 
\openout4 = `main.pyg'.

runsystem(pygmentize -l 'bash' -f latex -P commandprefix=PYG -F tokenmerge -P s
tripnl='False' -o _minted-main/D6C72F3F3193C081429CF892B7572F74D3773C8B440B9933
59565A23D713B17A.pygtex main.pyg)...disabled (restricted).


! Package minted Error: Missing Pygments output; \inputminted was
probably given a file that does not exist--otherwise, you may need 
the outputdir package option, or may be using an incompatible build tool,
or may be using frozencache with a missing file.

See the minted package documentation for explanation.
Type  H <return>  for immediate help.
 ...                                              
                                                  
l.279     \end{bashcode}
                        
? 
\openout4 = `main.pyg'.

runsystem(pygmentize -l 'bash' -f latex -P commandprefix=PYG -F tokenmerge -P s
tripnl='False' -o _minted-main/47E044B8AE9230F5554BC2B41E45A565D3773C8B440B9933
59565A23D713B17A.pygtex main.pyg)...disabled (restricted).


! Package minted Error: Missing Pygments output; \inputminted was
probably given a file that does not exist--otherwise, you may need 
the outputdir package option, or may be using an incompatible build tool,
or may be using frozencache with a missing file.

See the minted package documentation for explanation.
Type  H <return>  for immediate help.
 ...                                              
                                                  
l.286     \end{bashcode}
                        
? 
\openout4 = `main.pyg'.

runsystem(pygmentize -l 'bash' -f latex -P commandprefix=PYG -F tokenmerge -P s
tripnl='False' -o _minted-main/38E517EB432E27CC6478347E4F23D344D3773C8B440B9933
59565A23D713B17A.pygtex main.pyg)...disabled (restricted).


! Package minted Error: Missing Pygments output; \inputminted was
probably given a file that does not exist--otherwise, you may need 
the outputdir package option, or may be using an incompatible build tool,
or may be using frozencache with a missing file.

See the minted package documentation for explanation.
Type  H <return>  for immediate help.
 ...                                              
                                                  
l.292 \end{bashcode}
                    
? 
<Images/Fase2/MITM1.jpg, id=595, 1030.34938pt x 668.99937pt>
File: Images/Fase2/MITM1.jpg Graphic file (type jpg)
<use Images/Fase2/MITM1.jpg>
Package pdftex.def Info: Images/Fase2/MITM1.jpg  used on input line 296.
(pdftex.def)             Requested size: 497.50787pt x 323.02496pt.
[40]
<Images/Fase2/MITM2.png, id=604, 2168.1pt x 1445.4pt>
File: Images/Fase2/MITM2.png Graphic file (type png)
<use Images/Fase2/MITM2.png>
Package pdftex.def Info: Images/Fase2/MITM2.png  used on input line 316.
(pdftex.def)             Requested size: 497.50787pt x 331.66309pt.
 [41 <./Images/Fase2/MITM1.jpg>]
LaTeX Font Info:    Font shape `OT1/cmtt/bx/n' in size <12> not available
(Font)              Font shape `OT1/cmtt/m/n' tried instead on input line 325.
<Images/Fase2/OTAdocumentation.png, id=617, 2075.755pt x 900.36375pt>
File: Images/Fase2/OTAdocumentation.png Graphic file (type png)
<use Images/Fase2/OTAdocumentation.png>
Package pdftex.def Info: Images/Fase2/OTAdocumentation.png  used on input line 
332.
(pdftex.def)             Requested size: 472.63095pt x 205.0048pt.
 [42 <./Images/Fase2/MITM2.png>]
\openout4 = `main.pyg'.

runsystem(pygmentize -l 'bash' -f latex -P commandprefix=PYG -F tokenmerge -P s
tripnl='False' -o _minted-main/33B5924BA5AD874308E7A30DCC81AF0BD3773C8B440B9933
59565A23D713B17A.pygtex main.pyg)...disabled (restricted).



! Package minted Error: Missing Pygments output; \inputminted was
probably given a file that does not exist--otherwise, you may need 
the outputdir package option, or may be using an incompatible build tool,
or may be using frozencache with a missing file.

See the minted package documentation for explanation.
Type  H <return>  for immediate help.
 ...                                              
                                                  
l.345 \end{bashcode}
                    
? 
<Images/Fase2/MITM4.jpg, id=626, 1037.37563pt x 665.98813pt>
File: Images/Fase2/MITM4.jpg Graphic file (type jpg)
<use Images/Fase2/MITM4.jpg>
Package pdftex.def Info: Images/Fase2/MITM4.jpg  used on input line 351.
(pdftex.def)             Requested size: 497.50787pt x 319.39629pt.
[43 <./Images/Fase2/OTAdocumentation.png>]
<Images/Fase2/MITM5.jpg, id=634, 1034.36438pt x 667.49374pt>
File: Images/Fase2/MITM5.jpg Graphic file (type jpg)
<use Images/Fase2/MITM5.jpg>
Package pdftex.def Info: Images/Fase2/MITM5.jpg  used on input line 360.
(pdftex.def)             Requested size: 497.50787pt x 321.05539pt.
 [44 <./Images/Fase2/MITM4.jpg>]
<Images/Fase2/MITM3.jpg, id=641, 1036.37187pt x 668.4975pt>
File: Images/Fase2/MITM3.jpg Graphic file (type jpg)
<use Images/Fase2/MITM3.jpg>
Package pdftex.def Info: Images/Fase2/MITM3.jpg  used on input line 373.
(pdftex.def)             Requested size: 398.00781pt x 256.7348pt.

[45 <./Images/Fase2/MITM5.jpg>]
<Images/Fase2/MQTTRedfw.png, id=648, 950.55125pt x 361.35pt>
File: Images/Fase2/MQTTRedfw.png Graphic file (type png)
<use Images/Fase2/MQTTRedfw.png>
Package pdftex.def Info: Images/Fase2/MQTTRedfw.png  used on input line 383.
(pdftex.def)             Requested size: 497.50787pt x 189.12714pt.
 [46 <./Images/Fase2/MITM3.jpg> <./Images/Fase2/MQTTRedfw.png>]
<Images/Fase2/dataset.jpg, id=655, 1284.8pt x 519.9425pt>
File: Images/Fase2/dataset.jpg Graphic file (type jpg)
<use Images/Fase2/dataset.jpg>
Package pdftex.def Info: Images/Fase2/dataset.jpg  used on input line 409.
(pdftex.def)             Requested size: 472.63095pt x 191.265pt.
 [47 <./Images/Fase2/dataset.jpg>] [48]
<Images/Fase2/Analyzer.png, id=677, 2212.265pt x 2505.36pt>
File: Images/Fase2/Analyzer.png Graphic file (type png)
<use Images/Fase2/Analyzer.png>
Package pdftex.def Info: Images/Fase2/Analyzer.png  used on input line 466.
(pdftex.def)             Requested size: 472.63095pt x 535.23956pt.
 [49] [50 <./Images/Fase2/Analyzer.png>]
<Images/Fase2/FlaskApp.png, id=690, 1889.0575pt x 1742.51pt>
File: Images/Fase2/FlaskApp.png Graphic file (type png)
<use Images/Fase2/FlaskApp.png>
Package pdftex.def Info: Images/Fase2/FlaskApp.png  used on input line 479.
(pdftex.def)             Requested size: 447.75404pt x 412.9996pt.
<Images/Fase2/frontend.jpg, id=692, 1284.8pt x 803.0pt>
File: Images/Fase2/frontend.jpg Graphic file (type jpg)
<use Images/Fase2/frontend.jpg>
Package pdftex.def Info: Images/Fase2/frontend.jpg  used on input line 489.
(pdftex.def)             Requested size: 472.63095pt x 295.38995pt.
 [51 <./Images/Fase2/FlaskApp.png>]) [52 <./Images/Fase2/frontend.jpg>]
\openout2 = `Chapters/Fase3.aux'.

 (./Chapters/Fase3.tex
Chapter 3.
<Images/Fase3/InterfacciaBlufw.png, id=705, 2101.8525pt x 1413.28pt>
File: Images/Fase3/InterfacciaBlufw.png Graphic file (type png)
<use Images/Fase3/InterfacciaBlufw.png>
Package pdftex.def Info: Images/Fase3/InterfacciaBlufw.png  used on input line 
18.
(pdftex.def)             Requested size: 447.75404pt x 301.06741pt.
[53




] [54 <./Images/Fase3/InterfacciaBlufw.png>]
<Images/Fase3/GenerazioniChiaviFirma.png, id=720, 1754.555pt x 1475.5125pt>
File: Images/Fase3/GenerazioniChiaviFirma.png Graphic file (type png)
<use Images/Fase3/GenerazioniChiaviFirma.png>
Package pdftex.def Info: Images/Fase3/GenerazioniChiaviFirma.png  used on input
 line 50.
(pdftex.def)             Requested size: 398.00781pt x 334.70024pt.
\openout4 = `main.pyg'.

runsystem(pygmentize -l 'bash' -f latex -P commandprefix=PYG -F tokenmerge -P s
tripnl='False' -o _minted-main/D75529303B7EBE22871F22AEA0667FC4D3773C8B440B9933
59565A23D713B17A.pygtex main.pyg)...disabled (restricted).



! Package minted Error: Missing Pygments output; \inputminted was
probably given a file that does not exist--otherwise, you may need 
the outputdir package option, or may be using an incompatible build tool,
or may be using frozencache with a missing file.

See the minted package documentation for explanation.
Type  H <return>  for immediate help.
 ...                                              
                                                  
l.59 \end{bashcode}
                   
? 
[55 <./Images/Fase3/GenerazioniChiaviFirma.png>]
\openout4 = `main.pyg'.

runsystem(pygmentize -l 'bash' -f latex -P commandprefix=PYG -F tokenmerge -P s
tripnl='False' -o _minted-main/A6D7A812FD863C57F927F579284CEA4CD3773C8B440B9933
59565A23D713B17A.pygtex main.pyg)...disabled (restricted).



! Package minted Error: Missing Pygments output; \inputminted was
probably given a file that does not exist--otherwise, you may need 
the outputdir package option, or may be using an incompatible build tool,
or may be using frozencache with a missing file.

See the minted package documentation for explanation.
Type  H <return>  for immediate help.
 ...                                              
                                                  
l.77 \end{bashcode}
                   
? 
<Images/Fase3/firmaFirmware.png, id=728, 2160.07pt x 2505.36pt>
File: Images/Fase3/firmaFirmware.png Graphic file (type png)
<use Images/Fase3/firmaFirmware.png>
Package pdftex.def Info: Images/Fase3/firmaFirmware.png  used on input line 93.

(pdftex.def)             Requested size: 398.00781pt x 461.61115pt.
[56] [57 <./Images/Fase3/firmaFirmware.png>]
<Images/Fase3/chiavi.png, id=745, 1399.2275pt x 2276.505pt>
File: Images/Fase3/chiavi.png Graphic file (type png)
<use Images/Fase3/chiavi.png>
Package pdftex.def Info: Images/Fase3/chiavi.png  used on input line 116.
(pdftex.def)             Requested size: 298.50775pt x 485.65276pt.
 [58 <./Images/Fase3/chiavi.png>]
<Images/Fase3/codiceVerificaFirmaUpdate.png, id=753, 2109.8825pt x 2047.65pt>
File: Images/Fase3/codiceVerificaFirmaUpdate.png Graphic file (type png)
<use Images/Fase3/codiceVerificaFirmaUpdate.png>
Package pdftex.def Info: Images/Fase3/codiceVerificaFirmaUpdate.png  used on in
put line 126.
(pdftex.def)             Requested size: 398.00781pt x 386.24553pt.

[59 <./Images/Fase3/codiceVerificaFirmaUpdate.png>]
<Images/Fase3/OtaProtetto0.png, id=768, 2101.8525pt x 1413.28pt>
File: Images/Fase3/OtaProtetto0.png Graphic file (type png)
<use Images/Fase3/OtaProtetto0.png>
Package pdftex.def Info: Images/Fase3/OtaProtetto0.png  used on input line 162.

(pdftex.def)             Requested size: 398.00781pt x 267.5987pt.
<Images/Fase3/OtaProtetto1.png, id=769, 2101.8525pt x 1413.28pt>
File: Images/Fase3/OtaProtetto1.png Graphic file (type png)
<use Images/Fase3/OtaProtetto1.png>
Package pdftex.def Info: Images/Fase3/OtaProtetto1.png  used on input line 169.

(pdftex.def)             Requested size: 398.00781pt x 267.5987pt.
 [60 <./Images/Fase3/OtaProtetto0.png>]
<Images/Fase3/OtaProtetto2.png, id=786, 2101.8525pt x 1413.28pt>
File: Images/Fase3/OtaProtetto2.png Graphic file (type png)
<use Images/Fase3/OtaProtetto2.png>
Package pdftex.def Info: Images/Fase3/OtaProtetto2.png  used on input line 176.

(pdftex.def)             Requested size: 398.00781pt x 267.5987pt.
<Images/Fase3/OtaProtetto3.png, id=787, 2101.8525pt x 1413.28pt>
File: Images/Fase3/OtaProtetto3.png Graphic file (type png)
<use Images/Fase3/OtaProtetto3.png>
Package pdftex.def Info: Images/Fase3/OtaProtetto3.png  used on input line 183.

(pdftex.def)             Requested size: 398.00781pt x 267.5987pt.
 [61 <./Images/Fase3/OtaProtetto1.png> <./Images/Fase3/OtaProtetto2.png>]
<Images/Fase3/OTAProtettoErrore1.png, id=796, 2101.8525pt x 1413.28pt>
File: Images/Fase3/OTAProtettoErrore1.png Graphic file (type png)
<use Images/Fase3/OTAProtettoErrore1.png>
Package pdftex.def Info: Images/Fase3/OTAProtettoErrore1.png  used on input lin
e 194.
(pdftex.def)             Requested size: 398.00781pt x 267.5987pt.
<Images/Fase3/OtaProtettoErrore2.png, id=797, 2101.8525pt x 1413.28pt>
File: Images/Fase3/OtaProtettoErrore2.png Graphic file (type png)
<use Images/Fase3/OtaProtettoErrore2.png>
Package pdftex.def Info: Images/Fase3/OtaProtettoErrore2.png  used on input lin
e 201.
(pdftex.def)             Requested size: 398.00781pt x 267.5987pt.
 [62 <./Images/Fase3/OtaProtetto3.png> <./Images/Fase3/OTAProtettoErrore1.png>]
<Images/Fase3/mqtts0.png, id=807, 1027.84pt x 369.38pt>
File: Images/Fase3/mqtts0.png Graphic file (type png)
<use Images/Fase3/mqtts0.png>
Package pdftex.def Info: Images/Fase3/mqtts0.png  used on input line 217.
(pdftex.def)             Requested size: 273.63084pt x 98.33612pt.

Underfull \hbox (badness 3302) in paragraph at lines 218--218
[]\OT1/cmr/m/n/12 Figure 3.12: |Se-cure client ini-tial-iza-tion us-ing \OT1/cm
tt/m/n/12 BearSSL::WiFiClientSecure\OT1/cmr/m/n/12 , with the
 []

[63 <./Images/Fase3/OtaProtettoErrore2.png>]
<Images/Fase3/mqtts1.png, id=817, 1601.985pt x 1704.3675pt>
File: Images/Fase3/mqtts1.png Graphic file (type png)
<use Images/Fase3/mqtts1.png>
Package pdftex.def Info: Images/Fase3/mqtts1.png  used on input line 239.
(pdftex.def)             Requested size: 398.00781pt x 423.43816pt.
 [64 <./Images/Fase3/mqtts0.png>]
[65 <./Images/Fase3/mqtts1.png>]
<Images/Fase3/Certificati.png, id=833, 843.15pt x 760.8425pt>
File: Images/Fase3/Certificati.png Graphic file (type png)
<use Images/Fase3/Certificati.png>
Package pdftex.def Info: Images/Fase3/Certificati.png  used on input line 269.
(pdftex.def)             Requested size: 373.1309pt x 336.71053pt.
 [66]
\openout4 = `main.pyg'.

runsystem(pygmentize -l 'bash' -f latex -P commandprefix=PYG -F tokenmerge -P s
tripnl='False' -o _minted-main/5909D8D44DE76E98124478E77EC3CFCAD3773C8B440B9933
59565A23D713B17A.pygtex main.pyg)...disabled (restricted).



! Package minted Error: Missing Pygments output; \inputminted was
probably given a file that does not exist--otherwise, you may need 
the outputdir package option, or may be using an incompatible build tool,
or may be using frozencache with a missing file.

See the minted package documentation for explanation.
Type  H <return>  for immediate help.
 ...                                              
                                                  
l.286 \end{bashcode}
                    
? 
\openout4 = `main.pyg'.

runsystem(pygmentize -l 'bash' -f latex -P commandprefix=PYG -F tokenmerge -P s
tripnl='False' -o _minted-main/9313C4E9A6294645C821CB34D1C9FD55D3773C8B440B9933
59565A23D713B17A.pygtex main.pyg)...disabled (restricted).


! Package minted Error: Missing Pygments output; \inputminted was
probably given a file that does not exist--otherwise, you may need 
the outputdir package option, or may be using an incompatible build tool,
or may be using frozencache with a missing file.

See the minted package documentation for explanation.
Type  H <return>  for immediate help.
 ...                                              
                                                  
l.308 \end{bashcode}
                    
? 
\openout4 = `main.pyg'.

runsystem(pygmentize -l 'bash' -f latex -P commandprefix=PYG -F tokenmerge -P s
tripnl='False' -o _minted-main/62A7796495CF4091EAF626FAA6A43362D3773C8B440B9933
59565A23D713B17A.pygtex main.pyg)...disabled (restricted).


! Package minted Error: Missing Pygments output; \inputminted was
probably given a file that does not exist--otherwise, you may need 
the outputdir package option, or may be using an incompatible build tool,
or may be using frozencache with a missing file.

See the minted package documentation for explanation.
Type  H <return>  for immediate help.
 ...                                              
                                                  
l.321 \end{bashcode}
                    
? 
[67 <./Images/Fase3/Certificati.png>]
\openout4 = `main.pyg'.

runsystem(pygmentize -l 'bash' -f latex -P commandprefix=PYG -F tokenmerge -P s
tripnl='False' -o _minted-main/C550958EB26828DEE17D014210927ADBD3773C8B440B9933
59565A23D713B17A.pygtex main.pyg)...disabled (restricted).



! Package minted Error: Missing Pygments output; \inputminted was
probably given a file that does not exist--otherwise, you may need 
the outputdir package option, or may be using an incompatible build tool,
or may be using frozencache with a missing file.

See the minted package documentation for explanation.
Type  H <return>  for immediate help.
 ...                                              
                                                  
l.334 \end{bashcode}
                    
? 
\openout4 = `main.pyg'.

runsystem(pygmentize -l 'bash' -f latex -P commandprefix=PYG -F tokenmerge -P s
tripnl='False' -o _minted-main/5259CEFCAC697954AB5C20F66B8DA73CD3773C8B440B9933
59565A23D713B17A.pygtex main.pyg)...disabled (restricted).


! Package minted Error: Missing Pygments output; \inputminted was
probably given a file that does not exist--otherwise, you may need 
the outputdir package option, or may be using an incompatible build tool,
or may be using frozencache with a missing file.

See the minted package documentation for explanation.
Type  H <return>  for immediate help.
 ...                                              
                                                  
l.357 \end{bashcode}
                    
? 
\openout4 = `main.pyg'.

runsystem(pygmentize -l 'bash' -f latex -P commandprefix=PYG -F tokenmerge -P s
tripnl='False' -o _minted-main/11B20758CB9A19DF713677C43721CE42D3773C8B440B9933
59565A23D713B17A.pygtex main.pyg)...disabled (restricted).


! Package minted Error: Missing Pygments output; \inputminted was
probably given a file that does not exist--otherwise, you may need 
the outputdir package option, or may be using an incompatible build tool,
or may be using frozencache with a missing file.

See the minted package documentation for explanation.
Type  H <return>  for immediate help.
 ...                                              
                                                  
l.374 \end{bashcode}
                    
? 
[68]
<Images/Fase3/MosquittoMQTTS.png, id=855, 2101.8525pt x 1413.28pt>
File: Images/Fase3/MosquittoMQTTS.png Graphic file (type png)
<use Images/Fase3/MosquittoMQTTS.png>
Package pdftex.def Info: Images/Fase3/MosquittoMQTTS.png  used on input line 38
0.
(pdftex.def)             Requested size: 472.63095pt x 317.7802pt.
<Images/Fase3/MosquittoMQTTS2.png, id=856, 2101.8525pt x 1413.28pt>
File: Images/Fase3/MosquittoMQTTS2.png Graphic file (type png)
<use Images/Fase3/MosquittoMQTTS2.png>
Package pdftex.def Info: Images/Fase3/MosquittoMQTTS2.png  used on input line 3
87.
(pdftex.def)             Requested size: 472.63095pt x 317.7802pt.
 [69 <./Images/Fase3/MosquittoMQTTS.png>]
<Images/Fase3/WireMQTTS.png, id=867, 611.28375pt x 753.81625pt>
File: Images/Fase3/WireMQTTS.png Graphic file (type png)
<use Images/Fase3/WireMQTTS.png>
Package pdftex.def Info: Images/Fase3/WireMQTTS.png  used on input line 398.
(pdftex.def)             Requested size: 373.1309pt x 460.12631pt.
 [70 <./Images/Fase3/MosquittoMQTTS2.png>]
<Images/Fase3/WireMQTTS2.png, id=877, 1445.4pt x 788.9475pt>
File: Images/Fase3/WireMQTTS2.png Graphic file (type png)
<use Images/Fase3/WireMQTTS2.png>
Package pdftex.def Info: Images/Fase3/WireMQTTS2.png  used on input line 407.
(pdftex.def)             Requested size: 472.63095pt x 257.96988pt.
 [71 <./Images/Fase3/WireMQTTS.png>]
<Images/Fase3/WireMQTTS3.png, id=883, 2083.785pt x 1261.71375pt>
File: Images/Fase3/WireMQTTS3.png Graphic file (type png)
<use Images/Fase3/WireMQTTS3.png>
Package pdftex.def Info: Images/Fase3/WireMQTTS3.png  used on input line 414.
(pdftex.def)             Requested size: 472.63095pt x 286.16435pt.
 [72 <./Images/Fase3/WireMQTTS2.png> <./Images/Fase3/WireMQTTS3.png>]) [73]
\openout2 = `Chapters/Conclusions.aux'.

 (./Chapters/Conclusions.tex) [74




]
[75] (./main.aux (./Chapters/Introductions.aux) (./Chapters/Fase1.aux)
(./Chapters/Fase2.aux) (./Chapters/Fase3.aux) (./Chapters/Conclusions.aux))
 ***********
LaTeX2e <2023-11-01> patch level 1
L3 programming layer <2024-01-22>
 ***********


LaTeX Warning: Label(s) may have changed. Rerun to get cross-references right.

Package rerunfilecheck Info: File `main.out' has not changed.
(rerunfilecheck)             Checksum: 603ABB73017082ADAF4097E583E97B12;11894.
runsystem(rm main.pyg)...disabled (restricted).

 ) 
Here is how much of TeX's memory you used:
 43372 strings out of 474222
 1015902 string characters out of 5748733
 1939975 words of memory out of 5000000
 64691 multiletter control sequences out of 15000+600000
 568889 words of font info for 75 fonts, out of 8000000 for 9000
 1141 hyphenation exceptions out of 8191
 102i,12n,133p,943b,791s stack positions out of 10000i,1000n,20000p,200000b,200000s
</usr/share/texlive/texmf-dist/fonts/type1/public/amsfonts/cm/cmbx10.pfb></us
r/share/texlive/texmf-dist/fonts/type1/public/amsfonts/cm/cmbx12.pfb></usr/shar
e/texlive/texmf-dist/fonts/type1/public/amsfonts/cm/cmex10.pfb></usr/share/texl
ive/texmf-dist/fonts/type1/public/amsfonts/cm/cmmi10.pfb></usr/share/texlive/te
xmf-dist/fonts/type1/public/amsfonts/cm/cmmi12.pfb></usr/share/texlive/texmf-di
st/fonts/type1/public/amsfonts/cm/cmmi6.pfb></usr/share/texlive/texmf-dist/font
s/type1/public/amsfonts/cm/cmmi8.pfb></usr/share/texlive/texmf-dist/fonts/type1
/public/amsfonts/cm/cmr10.pfb></usr/share/texlive/texmf-dist/fonts/type1/public
/amsfonts/cm/cmr12.pfb></usr/share/texlive/texmf-dist/fonts/type1/public/amsfon
ts/cm/cmr8.pfb></usr/share/texlive/texmf-dist/fonts/type1/public/amsfonts/cm/cm
sy10.pfb></usr/share/texlive/texmf-dist/fonts/type1/public/amsfonts/cm/cmsy8.pf
b></usr/share/texlive/texmf-dist/fonts/type1/public/amsfonts/cm/cmti10.pfb></us
r/share/texlive/texmf-dist/fonts/type1/public/amsfonts/cm/cmti12.pfb></usr/shar
e/texlive/texmf-dist/fonts/type1/public/amsfonts/cm/cmtt12.pfb></usr/share/texm
f/fonts/type1/public/cm-super/sfrm1095.pfb></usr/share/texmf/fonts/type1/public
/cm-super/sfrm1200.pfb>
Output written on main.pdf (76 pages, 12827804 bytes).
PDF statistics:
 1033 PDF objects out of 1200 (max. 8388607)
 805 compressed objects within 9 object streams
 243 named destinations out of 1000 (max. 500000)
 753 words of extra memory for PDF output out of 10000 (max. 10000000)

